<?xml version="1.0" encoding="UTF-8"?>
<!-- Generated by org.testng.reporters.JUnitXMLReporter -->
<testsuite ignored="1" hostname="LAPTOP-1GOPOLA3" failures="0" tests="1" name="rel 1.0" time="4.038" errors="0" timestamp="2021-04-26T15:50:35 IST">
  <testcase classname="Testngg.tnframework.LoginTest" name="logocheck" time="0.041"/>
  <testcase classname="Testngg.tnframework.LoginTest" name="logintest" time="0.0">
    <ignored/>
  </testcase> <!-- logintest -->
</testsuite> <!-- rel 1.0 -->
