<?xml version="1.0" encoding="UTF-8"?>
<!-- Generated by org.testng.reporters.JUnitXMLReporter -->
<testsuite ignored="0" hostname="LAPTOP-1GOPOLA3" failures="0" tests="25" name="Default test" time="290.458" errors="0" timestamp="2021-05-02T15:44:17 IST">
  <testcase classname="Testcase.Application_Test" name="testa" time="11.699"/>
  <testcase classname="Testcase.Application_Test" name="testa" time="11.419"/>
  <testcase classname="Testcase.Application_Test" name="testa" time="11.336"/>
  <testcase classname="Testcase.Application_Test" name="testa" time="11.3"/>
  <testcase classname="Testcase.Application_Test" name="testa" time="11.359"/>
  <testcase classname="Testcase.Application_Test" name="testb" time="11.373"/>
  <testcase classname="Testcase.Application_Test" name="testb" time="11.367"/>
  <testcase classname="Testcase.Application_Test" name="testb" time="11.344"/>
  <testcase classname="Testcase.Application_Test" name="testb" time="11.395"/>
  <testcase classname="Testcase.Application_Test" name="testb" time="11.331"/>
  <testcase classname="Testcase.Application_Test" name="testc" time="11.344"/>
  <testcase classname="Testcase.Application_Test" name="testc" time="11.419"/>
  <testcase classname="Testcase.Application_Test" name="testc" time="11.385"/>
  <testcase classname="Testcase.Application_Test" name="testc" time="11.287"/>
  <testcase classname="Testcase.Application_Test" name="testc" time="11.379"/>
  <testcase classname="Testcase.Application_Test" name="testd" time="11.35"/>
  <testcase classname="Testcase.Application_Test" name="testd" time="11.327"/>
  <testcase classname="Testcase.Application_Test" name="testd" time="11.387"/>
  <testcase classname="Testcase.Application_Test" name="testd" time="11.317"/>
  <testcase classname="Testcase.Application_Test" name="testd" time="11.476"/>
  <testcase classname="Testcase.Application_Test" name="teste" time="11.342"/>
  <testcase classname="Testcase.Application_Test" name="teste" time="11.405"/>
  <testcase classname="Testcase.Application_Test" name="teste" time="11.341"/>
  <testcase classname="Testcase.Application_Test" name="teste" time="11.325"/>
  <testcase classname="Testcase.Application_Test" name="teste" time="11.324"/>
</testsuite> <!-- Default test -->
