<?xml version="1.0" encoding="UTF-8"?>
<!-- Generated by org.testng.reporters.JUnitXMLReporter -->
<testsuite ignored="0" hostname="LAPTOP-1GOPOLA3" failures="0" tests="25" name="Interview" time="296.18" errors="0" timestamp="2021-05-02T21:51:04 IST">
  <testcase classname="Testcase.Application_Test" name="testa" time="11.761"/>
  <testcase classname="Testcase.Application_Test" name="testa" time="11.34"/>
  <testcase classname="Testcase.Application_Test" name="testa" time="11.288"/>
  <testcase classname="Testcase.Application_Test" name="testa" time="11.654"/>
  <testcase classname="Testcase.Application_Test" name="testa" time="11.664"/>
  <testcase classname="Testcase.Application_Test" name="testb" time="11.957"/>
  <testcase classname="Testcase.Application_Test" name="testb" time="11.41"/>
  <testcase classname="Testcase.Application_Test" name="testb" time="11.487"/>
  <testcase classname="Testcase.Application_Test" name="testb" time="12.667"/>
  <testcase classname="Testcase.Application_Test" name="testb" time="11.473"/>
  <testcase classname="Testcase.Application_Test" name="testc" time="11.471"/>
  <testcase classname="Testcase.Application_Test" name="testc" time="11.566"/>
  <testcase classname="Testcase.Application_Test" name="testc" time="11.45"/>
  <testcase classname="Testcase.Application_Test" name="testc" time="11.543"/>
  <testcase classname="Testcase.Application_Test" name="testc" time="11.388"/>
  <testcase classname="Testcase.Application_Test" name="testd" time="11.358"/>
  <testcase classname="Testcase.Application_Test" name="testd" time="11.391"/>
  <testcase classname="Testcase.Application_Test" name="testd" time="11.308"/>
  <testcase classname="Testcase.Application_Test" name="testd" time="11.374"/>
  <testcase classname="Testcase.Application_Test" name="testd" time="11.419"/>
  <testcase classname="Testcase.Application_Test" name="teste" time="11.542"/>
  <testcase classname="Testcase.Application_Test" name="teste" time="11.843"/>
  <testcase classname="Testcase.Application_Test" name="teste" time="11.683"/>
  <testcase classname="Testcase.Application_Test" name="teste" time="11.541"/>
  <testcase classname="Testcase.Application_Test" name="teste" time="11.455"/>
</testsuite> <!-- Interview -->
