<?xml version="1.0" encoding="UTF-8"?>
<testng-results ignored="0" total="25" passed="25" failed="0" skipped="0">
  <reporter-output>
  </reporter-output>
  <suite started-at="2021-05-02T21:46:07 IST" name="Edlweiss_Project" finished-at="2021-05-02T21:51:04 IST" duration-ms="296180">
    <groups>
    </groups>
    <test started-at="2021-05-02T21:46:07 IST" name="Interview" finished-at="2021-05-02T21:51:04 IST" duration-ms="296180">
      <class name="Testcase.Application_Test">
        <test-method is-config="true" signature="beforeclass()[pri:0, instance:Testcase.Application_Test@24fcf36f]" started-at="2021-05-02T21:46:08 IST" name="beforeclass" finished-at="2021-05-02T21:46:11 IST" duration-ms="3299" status="PASS">
          <reporter-output>
          </reporter-output>
        </test-method> <!-- beforeclass -->
        <test-method signature="testa(java.lang.String, java.lang.String, java.lang.String, java.lang.String, java.lang.String, java.lang.String)[pri:0, instance:Testcase.Application_Test@24fcf36f]" started-at="2021-05-02T21:46:12 IST" name="testa" data-provider="Cycle1" finished-at="2021-05-02T21:46:24 IST" duration-ms="11761" status="PASS">
          <params>
            <param index="0">
              <value>
                <![CDATA[testing20201011@yahoo.com]]>
              </value>
            </param>
            <param index="1">
              <value>
                <![CDATA[testing@123]]>
              </value>
            </param>
            <param index="2">
              <value>
                <![CDATA[testing20201011@yahoo.com]]>
              </value>
            </param>
            <param index="3">
              <value>
                <![CDATA[testing20201011@gmail.com]]>
              </value>
            </param>
            <param index="4">
              <value>
                <![CDATA[1 test 1]]>
              </value>
            </param>
            <param index="5">
              <value>
                <![CDATA[Lorem ipsum dolor sit amet, consectetur adipiscing elit. Mauris leo risus, malesuada pretium enim at, mollis fermentum est. Aliquam magna diam, fermentum eget consequat varius, accumsan non lacus. Lorem ipsum dolor sit amet, consectetur adipiscing elit. Etiam eget nisi pellentesque, mollis lectus gravida, egestas leo. Suspendisse rutrum nunc eget purus eleifend, ut cursus turpis consequat. Mauris vulputate ultrices ante, non tempus mi efficitur ut. Aenean a ante scelerisque, fringilla sapien vitae, dictum leo. Nam vel ullamcorper purus. Curabitur vestibulum felis id urna euismod volutpat. Cras iaculis bibendum lorem, hendrerit gravida enim fermentum ornare. Nullam est tortor, ultrices non malesuada vel, cursus sed tortor. Praesent id purus elementum, rhoncus enim sed, luctus mauris. 

  

Curabitur quis semper dolor, vel mattis lorem. Aenean elit dolor, egestas at malesuada ac, pulvinar sit amet arcu. Nam finibus urna ac turpis convallis, vitae sodales nisi cursus. Donec eleifend ullamcorper est, eget efficitur sapien eleifend nec. Mauris auctor erat at tellus aliquam gravida tempor fermentum sapien. Etiam non congue lacus. Vestibulum hendrerit justo at libero ultricies, quis laoreet turpis accumsan. Praesent ut sem vel erat posuere ultricies. Vestibulum lacinia malesuada nisi, ut dapibus justo eleifend quis. Aliquam erat volutpat. 

  

Nunc vel volutpat magna, at venenatis ligula. In malesuada non arcu efficitur gravida. Etiam malesuada mauris id consectetur dapibus. Nam molestie leo eget libero sodales, non ullamcorper dolor condimentum. Donec sed turpis dui. Suspendisse a dapibus purus. Nunc metus nunc, convallis quis gravida et, pellentesque sit amet orci. Maecenas gravida hendrerit tincidunt. Ut scelerisque et orci ut commodo. Fusce vitae mollis nibh. Donec a mauris sagittis eros imperdiet euismod. Duis et lacus urna. Sed lacinia scelerisque ullamcorper. 

  

Vestibulum nec nunc urna. Integer egestas est ac aliquam fermentum. Morbi egestas nisi eu quam viverra, vitae fermentum mauris mattis. Integer et sapien urna. Proin et leo scelerisque, venenatis est non, hendrerit urna. Maecenas ut sodales ipsum. Suspendisse vehicula odio at ligula interdum, ut sodales lacus vulputate. Mauris egestas metus sed pellentesque eleifend. Morbi lacinia mauris sed aliquam efficitur. Nulla sed finibus ligula. Aliquam id massa nisl. Fusce a orci vehicula, imperdiet mauris nec, cursus metus. Proin rhoncus tincidunt dui et viverra. Nulla facilisi. 

  

Morbi magna diam, aliquam a luctus quis, interdum vitae ipsum. Ut eget tortor risus. Vivamus eu nibh sagittis, consectetur diam et, euismod mi. Suspendisse ultrices lorem et massa ornare, vitae laoreet odio condimentum. Duis et felis vel arcu lacinia sollicitudin. Aenean vel odio felis. Etiam blandit velit eros, et dapibus ante ultrices ac. Integer posuere eu urna cursus sagittis. Quisque mattis feugiat ligula ultricies facilisis. Ut nec quam nec dui commodo pretium rhoncus a magna. Pellentesque mauris augue, cursus ac augue id, efficitur vestibulum erat. Vestibulum nec lacus eu orci elementum ullamcorper. Donec et eros at lorem egestas laoreet et eget justo. Proin volutpat, tellus eu imperdiet luctus, ex nibh laoreet leo, at tincidunt lorem risus accumsan urna. ]]>
              </value>
            </param>
          </params>
          <reporter-output>
          </reporter-output>
        </test-method> <!-- testa -->
        <test-method signature="testa(java.lang.String, java.lang.String, java.lang.String, java.lang.String, java.lang.String, java.lang.String)[pri:0, instance:Testcase.Application_Test@24fcf36f]" started-at="2021-05-02T21:46:24 IST" name="testa" data-provider="Cycle1" finished-at="2021-05-02T21:46:36 IST" duration-ms="11340" status="PASS">
          <params>
            <param index="0">
              <value>
                <![CDATA[testing20201011@yahoo.com]]>
              </value>
            </param>
            <param index="1">
              <value>
                <![CDATA[testing@123]]>
              </value>
            </param>
            <param index="2">
              <value>
                <![CDATA[testing20201011@yahoo.com]]>
              </value>
            </param>
            <param index="3">
              <value>
                <![CDATA[testing20201012@gmail.com]]>
              </value>
            </param>
            <param index="4">
              <value>
                <![CDATA[1 test 2]]>
              </value>
            </param>
            <param index="5">
              <value>
                <![CDATA[Lorem ipsum dolor sit amet, consectetur adipiscing elit. Mauris leo risus, malesuada pretium enim at, mollis fermentum est. Aliquam magna diam, fermentum eget consequat varius, accumsan non lacus. Lorem ipsum dolor sit amet, consectetur adipiscing elit. Etiam eget nisi pellentesque, mollis lectus gravida, egestas leo. Suspendisse rutrum nunc eget purus eleifend, ut cursus turpis consequat. Mauris vulputate ultrices ante, non tempus mi efficitur ut. Aenean a ante scelerisque, fringilla sapien vitae, dictum leo. Nam vel ullamcorper purus. Curabitur vestibulum felis id urna euismod volutpat. Cras iaculis bibendum lorem, hendrerit gravida enim fermentum ornare. Nullam est tortor, ultrices non malesuada vel, cursus sed tortor. Praesent id purus elementum, rhoncus enim sed, luctus mauris. 

  

Curabitur quis semper dolor, vel mattis lorem. Aenean elit dolor, egestas at malesuada ac, pulvinar sit amet arcu. Nam finibus urna ac turpis convallis, vitae sodales nisi cursus. Donec eleifend ullamcorper est, eget efficitur sapien eleifend nec. Mauris auctor erat at tellus aliquam gravida tempor fermentum sapien. Etiam non congue lacus. Vestibulum hendrerit justo at libero ultricies, quis laoreet turpis accumsan. Praesent ut sem vel erat posuere ultricies. Vestibulum lacinia malesuada nisi, ut dapibus justo eleifend quis. Aliquam erat volutpat. 

  

Nunc vel volutpat magna, at venenatis ligula. In malesuada non arcu efficitur gravida. Etiam malesuada mauris id consectetur dapibus. Nam molestie leo eget libero sodales, non ullamcorper dolor condimentum. Donec sed turpis dui. Suspendisse a dapibus purus. Nunc metus nunc, convallis quis gravida et, pellentesque sit amet orci. Maecenas gravida hendrerit tincidunt. Ut scelerisque et orci ut commodo. Fusce vitae mollis nibh. Donec a mauris sagittis eros imperdiet euismod. Duis et lacus urna. Sed lacinia scelerisque ullamcorper. 

  

Vestibulum nec nunc urna. Integer egestas est ac aliquam fermentum. Morbi egestas nisi eu quam viverra, vitae fermentum mauris mattis. Integer et sapien urna. Proin et leo scelerisque, venenatis est non, hendrerit urna. Maecenas ut sodales ipsum. Suspendisse vehicula odio at ligula interdum, ut sodales lacus vulputate. Mauris egestas metus sed pellentesque eleifend. Morbi lacinia mauris sed aliquam efficitur. Nulla sed finibus ligula. Aliquam id massa nisl. Fusce a orci vehicula, imperdiet mauris nec, cursus metus. Proin rhoncus tincidunt dui et viverra. Nulla facilisi. 

  

Morbi magna diam, aliquam a luctus quis, interdum vitae ipsum. Ut eget tortor risus. Vivamus eu nibh sagittis, consectetur diam et, euismod mi. Suspendisse ultrices lorem et massa ornare, vitae laoreet odio condimentum. Duis et felis vel arcu lacinia sollicitudin. Aenean vel odio felis. Etiam blandit velit eros, et dapibus ante ultrices ac. Integer posuere eu urna cursus sagittis. Quisque mattis feugiat ligula ultricies facilisis. Ut nec quam nec dui commodo pretium rhoncus a magna. Pellentesque mauris augue, cursus ac augue id, efficitur vestibulum erat. Vestibulum nec lacus eu orci elementum ullamcorper. Donec et eros at lorem egestas laoreet et eget justo. Proin volutpat, tellus eu imperdiet luctus, ex nibh laoreet leo, at tincidunt lorem risus accumsan urna. ]]>
              </value>
            </param>
          </params>
          <reporter-output>
          </reporter-output>
        </test-method> <!-- testa -->
        <test-method signature="testa(java.lang.String, java.lang.String, java.lang.String, java.lang.String, java.lang.String, java.lang.String)[pri:0, instance:Testcase.Application_Test@24fcf36f]" started-at="2021-05-02T21:46:36 IST" name="testa" data-provider="Cycle1" finished-at="2021-05-02T21:46:47 IST" duration-ms="11288" status="PASS">
          <params>
            <param index="0">
              <value>
                <![CDATA[testing20201011@yahoo.com]]>
              </value>
            </param>
            <param index="1">
              <value>
                <![CDATA[testing@123]]>
              </value>
            </param>
            <param index="2">
              <value>
                <![CDATA[testing20201011@yahoo.com]]>
              </value>
            </param>
            <param index="3">
              <value>
                <![CDATA[testing20201013@gmail.com]]>
              </value>
            </param>
            <param index="4">
              <value>
                <![CDATA[1 test 3]]>
              </value>
            </param>
            <param index="5">
              <value>
                <![CDATA[Lorem ipsum dolor sit amet, consectetur adipiscing elit. Mauris leo risus, malesuada pretium enim at, mollis fermentum est. Aliquam magna diam, fermentum eget consequat varius, accumsan non lacus. Lorem ipsum dolor sit amet, consectetur adipiscing elit. Etiam eget nisi pellentesque, mollis lectus gravida, egestas leo. Suspendisse rutrum nunc eget purus eleifend, ut cursus turpis consequat. Mauris vulputate ultrices ante, non tempus mi efficitur ut. Aenean a ante scelerisque, fringilla sapien vitae, dictum leo. Nam vel ullamcorper purus. Curabitur vestibulum felis id urna euismod volutpat. Cras iaculis bibendum lorem, hendrerit gravida enim fermentum ornare. Nullam est tortor, ultrices non malesuada vel, cursus sed tortor. Praesent id purus elementum, rhoncus enim sed, luctus mauris. 

  

Curabitur quis semper dolor, vel mattis lorem. Aenean elit dolor, egestas at malesuada ac, pulvinar sit amet arcu. Nam finibus urna ac turpis convallis, vitae sodales nisi cursus. Donec eleifend ullamcorper est, eget efficitur sapien eleifend nec. Mauris auctor erat at tellus aliquam gravida tempor fermentum sapien. Etiam non congue lacus. Vestibulum hendrerit justo at libero ultricies, quis laoreet turpis accumsan. Praesent ut sem vel erat posuere ultricies. Vestibulum lacinia malesuada nisi, ut dapibus justo eleifend quis. Aliquam erat volutpat. 

  

Nunc vel volutpat magna, at venenatis ligula. In malesuada non arcu efficitur gravida. Etiam malesuada mauris id consectetur dapibus. Nam molestie leo eget libero sodales, non ullamcorper dolor condimentum. Donec sed turpis dui. Suspendisse a dapibus purus. Nunc metus nunc, convallis quis gravida et, pellentesque sit amet orci. Maecenas gravida hendrerit tincidunt. Ut scelerisque et orci ut commodo. Fusce vitae mollis nibh. Donec a mauris sagittis eros imperdiet euismod. Duis et lacus urna. Sed lacinia scelerisque ullamcorper. 

  

Vestibulum nec nunc urna. Integer egestas est ac aliquam fermentum. Morbi egestas nisi eu quam viverra, vitae fermentum mauris mattis. Integer et sapien urna. Proin et leo scelerisque, venenatis est non, hendrerit urna. Maecenas ut sodales ipsum. Suspendisse vehicula odio at ligula interdum, ut sodales lacus vulputate. Mauris egestas metus sed pellentesque eleifend. Morbi lacinia mauris sed aliquam efficitur. Nulla sed finibus ligula. Aliquam id massa nisl. Fusce a orci vehicula, imperdiet mauris nec, cursus metus. Proin rhoncus tincidunt dui et viverra. Nulla facilisi. 

  

Morbi magna diam, aliquam a luctus quis, interdum vitae ipsum. Ut eget tortor risus. Vivamus eu nibh sagittis, consectetur diam et, euismod mi. Suspendisse ultrices lorem et massa ornare, vitae laoreet odio condimentum. Duis et felis vel arcu lacinia sollicitudin. Aenean vel odio felis. Etiam blandit velit eros, et dapibus ante ultrices ac. Integer posuere eu urna cursus sagittis. Quisque mattis feugiat ligula ultricies facilisis. Ut nec quam nec dui commodo pretium rhoncus a magna. Pellentesque mauris augue, cursus ac augue id, efficitur vestibulum erat. Vestibulum nec lacus eu orci elementum ullamcorper. Donec et eros at lorem egestas laoreet et eget justo. Proin volutpat, tellus eu imperdiet luctus, ex nibh laoreet leo, at tincidunt lorem risus accumsan urna. ]]>
              </value>
            </param>
          </params>
          <reporter-output>
          </reporter-output>
        </test-method> <!-- testa -->
        <test-method signature="testa(java.lang.String, java.lang.String, java.lang.String, java.lang.String, java.lang.String, java.lang.String)[pri:0, instance:Testcase.Application_Test@24fcf36f]" started-at="2021-05-02T21:46:47 IST" name="testa" data-provider="Cycle1" finished-at="2021-05-02T21:46:58 IST" duration-ms="11654" status="PASS">
          <params>
            <param index="0">
              <value>
                <![CDATA[testing20201011@yahoo.com]]>
              </value>
            </param>
            <param index="1">
              <value>
                <![CDATA[testing@123]]>
              </value>
            </param>
            <param index="2">
              <value>
                <![CDATA[testing20201011@yahoo.com]]>
              </value>
            </param>
            <param index="3">
              <value>
                <![CDATA[testing20201014@gmail.com]]>
              </value>
            </param>
            <param index="4">
              <value>
                <![CDATA[1 test 4]]>
              </value>
            </param>
            <param index="5">
              <value>
                <![CDATA[Lorem ipsum dolor sit amet, consectetur adipiscing elit. Mauris leo risus, malesuada pretium enim at, mollis fermentum est. Aliquam magna diam, fermentum eget consequat varius, accumsan non lacus. Lorem ipsum dolor sit amet, consectetur adipiscing elit. Etiam eget nisi pellentesque, mollis lectus gravida, egestas leo. Suspendisse rutrum nunc eget purus eleifend, ut cursus turpis consequat. Mauris vulputate ultrices ante, non tempus mi efficitur ut. Aenean a ante scelerisque, fringilla sapien vitae, dictum leo. Nam vel ullamcorper purus. Curabitur vestibulum felis id urna euismod volutpat. Cras iaculis bibendum lorem, hendrerit gravida enim fermentum ornare. Nullam est tortor, ultrices non malesuada vel, cursus sed tortor. Praesent id purus elementum, rhoncus enim sed, luctus mauris. 

  

Curabitur quis semper dolor, vel mattis lorem. Aenean elit dolor, egestas at malesuada ac, pulvinar sit amet arcu. Nam finibus urna ac turpis convallis, vitae sodales nisi cursus. Donec eleifend ullamcorper est, eget efficitur sapien eleifend nec. Mauris auctor erat at tellus aliquam gravida tempor fermentum sapien. Etiam non congue lacus. Vestibulum hendrerit justo at libero ultricies, quis laoreet turpis accumsan. Praesent ut sem vel erat posuere ultricies. Vestibulum lacinia malesuada nisi, ut dapibus justo eleifend quis. Aliquam erat volutpat. 

  

Nunc vel volutpat magna, at venenatis ligula. In malesuada non arcu efficitur gravida. Etiam malesuada mauris id consectetur dapibus. Nam molestie leo eget libero sodales, non ullamcorper dolor condimentum. Donec sed turpis dui. Suspendisse a dapibus purus. Nunc metus nunc, convallis quis gravida et, pellentesque sit amet orci. Maecenas gravida hendrerit tincidunt. Ut scelerisque et orci ut commodo. Fusce vitae mollis nibh. Donec a mauris sagittis eros imperdiet euismod. Duis et lacus urna. Sed lacinia scelerisque ullamcorper. 

  

Vestibulum nec nunc urna. Integer egestas est ac aliquam fermentum. Morbi egestas nisi eu quam viverra, vitae fermentum mauris mattis. Integer et sapien urna. Proin et leo scelerisque, venenatis est non, hendrerit urna. Maecenas ut sodales ipsum. Suspendisse vehicula odio at ligula interdum, ut sodales lacus vulputate. Mauris egestas metus sed pellentesque eleifend. Morbi lacinia mauris sed aliquam efficitur. Nulla sed finibus ligula. Aliquam id massa nisl. Fusce a orci vehicula, imperdiet mauris nec, cursus metus. Proin rhoncus tincidunt dui et viverra. Nulla facilisi. 

  

Morbi magna diam, aliquam a luctus quis, interdum vitae ipsum. Ut eget tortor risus. Vivamus eu nibh sagittis, consectetur diam et, euismod mi. Suspendisse ultrices lorem et massa ornare, vitae laoreet odio condimentum. Duis et felis vel arcu lacinia sollicitudin. Aenean vel odio felis. Etiam blandit velit eros, et dapibus ante ultrices ac. Integer posuere eu urna cursus sagittis. Quisque mattis feugiat ligula ultricies facilisis. Ut nec quam nec dui commodo pretium rhoncus a magna. Pellentesque mauris augue, cursus ac augue id, efficitur vestibulum erat. Vestibulum nec lacus eu orci elementum ullamcorper. Donec et eros at lorem egestas laoreet et eget justo. Proin volutpat, tellus eu imperdiet luctus, ex nibh laoreet leo, at tincidunt lorem risus accumsan urna. ]]>
              </value>
            </param>
          </params>
          <reporter-output>
          </reporter-output>
        </test-method> <!-- testa -->
        <test-method signature="testa(java.lang.String, java.lang.String, java.lang.String, java.lang.String, java.lang.String, java.lang.String)[pri:0, instance:Testcase.Application_Test@24fcf36f]" started-at="2021-05-02T21:46:58 IST" name="testa" data-provider="Cycle1" finished-at="2021-05-02T21:47:10 IST" duration-ms="11664" status="PASS">
          <params>
            <param index="0">
              <value>
                <![CDATA[testing20201011@yahoo.com]]>
              </value>
            </param>
            <param index="1">
              <value>
                <![CDATA[testing@123]]>
              </value>
            </param>
            <param index="2">
              <value>
                <![CDATA[testing20201011@yahoo.com]]>
              </value>
            </param>
            <param index="3">
              <value>
                <![CDATA[testing20201015@gmail.com]]>
              </value>
            </param>
            <param index="4">
              <value>
                <![CDATA[1 test 5]]>
              </value>
            </param>
            <param index="5">
              <value>
                <![CDATA[Lorem ipsum dolor sit amet, consectetur adipiscing elit. Mauris leo risus, malesuada pretium enim at, mollis fermentum est. Aliquam magna diam, fermentum eget consequat varius, accumsan non lacus. Lorem ipsum dolor sit amet, consectetur adipiscing elit. Etiam eget nisi pellentesque, mollis lectus gravida, egestas leo. Suspendisse rutrum nunc eget purus eleifend, ut cursus turpis consequat. Mauris vulputate ultrices ante, non tempus mi efficitur ut. Aenean a ante scelerisque, fringilla sapien vitae, dictum leo. Nam vel ullamcorper purus. Curabitur vestibulum felis id urna euismod volutpat. Cras iaculis bibendum lorem, hendrerit gravida enim fermentum ornare. Nullam est tortor, ultrices non malesuada vel, cursus sed tortor. Praesent id purus elementum, rhoncus enim sed, luctus mauris. 

  

Curabitur quis semper dolor, vel mattis lorem. Aenean elit dolor, egestas at malesuada ac, pulvinar sit amet arcu. Nam finibus urna ac turpis convallis, vitae sodales nisi cursus. Donec eleifend ullamcorper est, eget efficitur sapien eleifend nec. Mauris auctor erat at tellus aliquam gravida tempor fermentum sapien. Etiam non congue lacus. Vestibulum hendrerit justo at libero ultricies, quis laoreet turpis accumsan. Praesent ut sem vel erat posuere ultricies. Vestibulum lacinia malesuada nisi, ut dapibus justo eleifend quis. Aliquam erat volutpat. 

  

Nunc vel volutpat magna, at venenatis ligula. In malesuada non arcu efficitur gravida. Etiam malesuada mauris id consectetur dapibus. Nam molestie leo eget libero sodales, non ullamcorper dolor condimentum. Donec sed turpis dui. Suspendisse a dapibus purus. Nunc metus nunc, convallis quis gravida et, pellentesque sit amet orci. Maecenas gravida hendrerit tincidunt. Ut scelerisque et orci ut commodo. Fusce vitae mollis nibh. Donec a mauris sagittis eros imperdiet euismod. Duis et lacus urna. Sed lacinia scelerisque ullamcorper. 

  

Vestibulum nec nunc urna. Integer egestas est ac aliquam fermentum. Morbi egestas nisi eu quam viverra, vitae fermentum mauris mattis. Integer et sapien urna. Proin et leo scelerisque, venenatis est non, hendrerit urna. Maecenas ut sodales ipsum. Suspendisse vehicula odio at ligula interdum, ut sodales lacus vulputate. Mauris egestas metus sed pellentesque eleifend. Morbi lacinia mauris sed aliquam efficitur. Nulla sed finibus ligula. Aliquam id massa nisl. Fusce a orci vehicula, imperdiet mauris nec, cursus metus. Proin rhoncus tincidunt dui et viverra. Nulla facilisi. 

  

Morbi magna diam, aliquam a luctus quis, interdum vitae ipsum. Ut eget tortor risus. Vivamus eu nibh sagittis, consectetur diam et, euismod mi. Suspendisse ultrices lorem et massa ornare, vitae laoreet odio condimentum. Duis et felis vel arcu lacinia sollicitudin. Aenean vel odio felis. Etiam blandit velit eros, et dapibus ante ultrices ac. Integer posuere eu urna cursus sagittis. Quisque mattis feugiat ligula ultricies facilisis. Ut nec quam nec dui commodo pretium rhoncus a magna. Pellentesque mauris augue, cursus ac augue id, efficitur vestibulum erat. Vestibulum nec lacus eu orci elementum ullamcorper. Donec et eros at lorem egestas laoreet et eget justo. Proin volutpat, tellus eu imperdiet luctus, ex nibh laoreet leo, at tincidunt lorem risus accumsan urna. ]]>
              </value>
            </param>
          </params>
          <reporter-output>
          </reporter-output>
        </test-method> <!-- testa -->
        <test-method signature="testb(java.lang.String, java.lang.String, java.lang.String, java.lang.String, java.lang.String, java.lang.String)[pri:0, instance:Testcase.Application_Test@24fcf36f]" started-at="2021-05-02T21:47:11 IST" name="testb" data-provider="Cycle2" finished-at="2021-05-02T21:47:23 IST" duration-ms="11957" status="PASS">
          <params>
            <param index="0">
              <value>
                <![CDATA[testing20201012@yahoo.com]]>
              </value>
            </param>
            <param index="1">
              <value>
                <![CDATA[testing@123]]>
              </value>
            </param>
            <param index="2">
              <value>
                <![CDATA[testing20201012@yahoo.com]]>
              </value>
            </param>
            <param index="3">
              <value>
                <![CDATA[testing20201011@gmail.com]]>
              </value>
            </param>
            <param index="4">
              <value>
                <![CDATA[2 test 1]]>
              </value>
            </param>
            <param index="5">
              <value>
                <![CDATA[Lorem ipsum dolor sit amet, consectetur adipiscing elit. Mauris leo risus, malesuada pretium enim at, mollis fermentum est. Aliquam magna diam, fermentum eget consequat varius, accumsan non lacus. Lorem ipsum dolor sit amet, consectetur adipiscing elit. Etiam eget nisi pellentesque, mollis lectus gravida, egestas leo. Suspendisse rutrum nunc eget purus eleifend, ut cursus turpis consequat. Mauris vulputate ultrices ante, non tempus mi efficitur ut. Aenean a ante scelerisque, fringilla sapien vitae, dictum leo. Nam vel ullamcorper purus. Curabitur vestibulum felis id urna euismod volutpat. Cras iaculis bibendum lorem, hendrerit gravida enim fermentum ornare. Nullam est tortor, ultrices non malesuada vel, cursus sed tortor. Praesent id purus elementum, rhoncus enim sed, luctus mauris. 

  

Curabitur quis semper dolor, vel mattis lorem. Aenean elit dolor, egestas at malesuada ac, pulvinar sit amet arcu. Nam finibus urna ac turpis convallis, vitae sodales nisi cursus. Donec eleifend ullamcorper est, eget efficitur sapien eleifend nec. Mauris auctor erat at tellus aliquam gravida tempor fermentum sapien. Etiam non congue lacus. Vestibulum hendrerit justo at libero ultricies, quis laoreet turpis accumsan. Praesent ut sem vel erat posuere ultricies. Vestibulum lacinia malesuada nisi, ut dapibus justo eleifend quis. Aliquam erat volutpat. 

  

Nunc vel volutpat magna, at venenatis ligula. In malesuada non arcu efficitur gravida. Etiam malesuada mauris id consectetur dapibus. Nam molestie leo eget libero sodales, non ullamcorper dolor condimentum. Donec sed turpis dui. Suspendisse a dapibus purus. Nunc metus nunc, convallis quis gravida et, pellentesque sit amet orci. Maecenas gravida hendrerit tincidunt. Ut scelerisque et orci ut commodo. Fusce vitae mollis nibh. Donec a mauris sagittis eros imperdiet euismod. Duis et lacus urna. Sed lacinia scelerisque ullamcorper. 

  

Vestibulum nec nunc urna. Integer egestas est ac aliquam fermentum. Morbi egestas nisi eu quam viverra, vitae fermentum mauris mattis. Integer et sapien urna. Proin et leo scelerisque, venenatis est non, hendrerit urna. Maecenas ut sodales ipsum. Suspendisse vehicula odio at ligula interdum, ut sodales lacus vulputate. Mauris egestas metus sed pellentesque eleifend. Morbi lacinia mauris sed aliquam efficitur. Nulla sed finibus ligula. Aliquam id massa nisl. Fusce a orci vehicula, imperdiet mauris nec, cursus metus. Proin rhoncus tincidunt dui et viverra. Nulla facilisi. 

  

Morbi magna diam, aliquam a luctus quis, interdum vitae ipsum. Ut eget tortor risus. Vivamus eu nibh sagittis, consectetur diam et, euismod mi. Suspendisse ultrices lorem et massa ornare, vitae laoreet odio condimentum. Duis et felis vel arcu lacinia sollicitudin. Aenean vel odio felis. Etiam blandit velit eros, et dapibus ante ultrices ac. Integer posuere eu urna cursus sagittis. Quisque mattis feugiat ligula ultricies facilisis. Ut nec quam nec dui commodo pretium rhoncus a magna. Pellentesque mauris augue, cursus ac augue id, efficitur vestibulum erat. Vestibulum nec lacus eu orci elementum ullamcorper. Donec et eros at lorem egestas laoreet et eget justo. Proin volutpat, tellus eu imperdiet luctus, ex nibh laoreet leo, at tincidunt lorem risus accumsan urna. ]]>
              </value>
            </param>
          </params>
          <reporter-output>
          </reporter-output>
        </test-method> <!-- testb -->
        <test-method signature="testb(java.lang.String, java.lang.String, java.lang.String, java.lang.String, java.lang.String, java.lang.String)[pri:0, instance:Testcase.Application_Test@24fcf36f]" started-at="2021-05-02T21:47:23 IST" name="testb" data-provider="Cycle2" finished-at="2021-05-02T21:47:34 IST" duration-ms="11410" status="PASS">
          <params>
            <param index="0">
              <value>
                <![CDATA[testing20201012@yahoo.com]]>
              </value>
            </param>
            <param index="1">
              <value>
                <![CDATA[testing@123]]>
              </value>
            </param>
            <param index="2">
              <value>
                <![CDATA[testing20201012@yahoo.com]]>
              </value>
            </param>
            <param index="3">
              <value>
                <![CDATA[testing20201012@gmail.com]]>
              </value>
            </param>
            <param index="4">
              <value>
                <![CDATA[2 test 2]]>
              </value>
            </param>
            <param index="5">
              <value>
                <![CDATA[Lorem ipsum dolor sit amet, consectetur adipiscing elit. Mauris leo risus, malesuada pretium enim at, mollis fermentum est. Aliquam magna diam, fermentum eget consequat varius, accumsan non lacus. Lorem ipsum dolor sit amet, consectetur adipiscing elit. Etiam eget nisi pellentesque, mollis lectus gravida, egestas leo. Suspendisse rutrum nunc eget purus eleifend, ut cursus turpis consequat. Mauris vulputate ultrices ante, non tempus mi efficitur ut. Aenean a ante scelerisque, fringilla sapien vitae, dictum leo. Nam vel ullamcorper purus. Curabitur vestibulum felis id urna euismod volutpat. Cras iaculis bibendum lorem, hendrerit gravida enim fermentum ornare. Nullam est tortor, ultrices non malesuada vel, cursus sed tortor. Praesent id purus elementum, rhoncus enim sed, luctus mauris. 

  

Curabitur quis semper dolor, vel mattis lorem. Aenean elit dolor, egestas at malesuada ac, pulvinar sit amet arcu. Nam finibus urna ac turpis convallis, vitae sodales nisi cursus. Donec eleifend ullamcorper est, eget efficitur sapien eleifend nec. Mauris auctor erat at tellus aliquam gravida tempor fermentum sapien. Etiam non congue lacus. Vestibulum hendrerit justo at libero ultricies, quis laoreet turpis accumsan. Praesent ut sem vel erat posuere ultricies. Vestibulum lacinia malesuada nisi, ut dapibus justo eleifend quis. Aliquam erat volutpat. 

  

Nunc vel volutpat magna, at venenatis ligula. In malesuada non arcu efficitur gravida. Etiam malesuada mauris id consectetur dapibus. Nam molestie leo eget libero sodales, non ullamcorper dolor condimentum. Donec sed turpis dui. Suspendisse a dapibus purus. Nunc metus nunc, convallis quis gravida et, pellentesque sit amet orci. Maecenas gravida hendrerit tincidunt. Ut scelerisque et orci ut commodo. Fusce vitae mollis nibh. Donec a mauris sagittis eros imperdiet euismod. Duis et lacus urna. Sed lacinia scelerisque ullamcorper. 

  

Vestibulum nec nunc urna. Integer egestas est ac aliquam fermentum. Morbi egestas nisi eu quam viverra, vitae fermentum mauris mattis. Integer et sapien urna. Proin et leo scelerisque, venenatis est non, hendrerit urna. Maecenas ut sodales ipsum. Suspendisse vehicula odio at ligula interdum, ut sodales lacus vulputate. Mauris egestas metus sed pellentesque eleifend. Morbi lacinia mauris sed aliquam efficitur. Nulla sed finibus ligula. Aliquam id massa nisl. Fusce a orci vehicula, imperdiet mauris nec, cursus metus. Proin rhoncus tincidunt dui et viverra. Nulla facilisi. 

  

Morbi magna diam, aliquam a luctus quis, interdum vitae ipsum. Ut eget tortor risus. Vivamus eu nibh sagittis, consectetur diam et, euismod mi. Suspendisse ultrices lorem et massa ornare, vitae laoreet odio condimentum. Duis et felis vel arcu lacinia sollicitudin. Aenean vel odio felis. Etiam blandit velit eros, et dapibus ante ultrices ac. Integer posuere eu urna cursus sagittis. Quisque mattis feugiat ligula ultricies facilisis. Ut nec quam nec dui commodo pretium rhoncus a magna. Pellentesque mauris augue, cursus ac augue id, efficitur vestibulum erat. Vestibulum nec lacus eu orci elementum ullamcorper. Donec et eros at lorem egestas laoreet et eget justo. Proin volutpat, tellus eu imperdiet luctus, ex nibh laoreet leo, at tincidunt lorem risus accumsan urna. ]]>
              </value>
            </param>
          </params>
          <reporter-output>
          </reporter-output>
        </test-method> <!-- testb -->
        <test-method signature="testb(java.lang.String, java.lang.String, java.lang.String, java.lang.String, java.lang.String, java.lang.String)[pri:0, instance:Testcase.Application_Test@24fcf36f]" started-at="2021-05-02T21:47:34 IST" name="testb" data-provider="Cycle2" finished-at="2021-05-02T21:47:46 IST" duration-ms="11487" status="PASS">
          <params>
            <param index="0">
              <value>
                <![CDATA[testing20201012@yahoo.com]]>
              </value>
            </param>
            <param index="1">
              <value>
                <![CDATA[testing@123]]>
              </value>
            </param>
            <param index="2">
              <value>
                <![CDATA[testing20201012@yahoo.com]]>
              </value>
            </param>
            <param index="3">
              <value>
                <![CDATA[testing20201013@gmail.com]]>
              </value>
            </param>
            <param index="4">
              <value>
                <![CDATA[2 test 3]]>
              </value>
            </param>
            <param index="5">
              <value>
                <![CDATA[Lorem ipsum dolor sit amet, consectetur adipiscing elit. Mauris leo risus, malesuada pretium enim at, mollis fermentum est. Aliquam magna diam, fermentum eget consequat varius, accumsan non lacus. Lorem ipsum dolor sit amet, consectetur adipiscing elit. Etiam eget nisi pellentesque, mollis lectus gravida, egestas leo. Suspendisse rutrum nunc eget purus eleifend, ut cursus turpis consequat. Mauris vulputate ultrices ante, non tempus mi efficitur ut. Aenean a ante scelerisque, fringilla sapien vitae, dictum leo. Nam vel ullamcorper purus. Curabitur vestibulum felis id urna euismod volutpat. Cras iaculis bibendum lorem, hendrerit gravida enim fermentum ornare. Nullam est tortor, ultrices non malesuada vel, cursus sed tortor. Praesent id purus elementum, rhoncus enim sed, luctus mauris. 

  

Curabitur quis semper dolor, vel mattis lorem. Aenean elit dolor, egestas at malesuada ac, pulvinar sit amet arcu. Nam finibus urna ac turpis convallis, vitae sodales nisi cursus. Donec eleifend ullamcorper est, eget efficitur sapien eleifend nec. Mauris auctor erat at tellus aliquam gravida tempor fermentum sapien. Etiam non congue lacus. Vestibulum hendrerit justo at libero ultricies, quis laoreet turpis accumsan. Praesent ut sem vel erat posuere ultricies. Vestibulum lacinia malesuada nisi, ut dapibus justo eleifend quis. Aliquam erat volutpat. 

  

Nunc vel volutpat magna, at venenatis ligula. In malesuada non arcu efficitur gravida. Etiam malesuada mauris id consectetur dapibus. Nam molestie leo eget libero sodales, non ullamcorper dolor condimentum. Donec sed turpis dui. Suspendisse a dapibus purus. Nunc metus nunc, convallis quis gravida et, pellentesque sit amet orci. Maecenas gravida hendrerit tincidunt. Ut scelerisque et orci ut commodo. Fusce vitae mollis nibh. Donec a mauris sagittis eros imperdiet euismod. Duis et lacus urna. Sed lacinia scelerisque ullamcorper. 

  

Vestibulum nec nunc urna. Integer egestas est ac aliquam fermentum. Morbi egestas nisi eu quam viverra, vitae fermentum mauris mattis. Integer et sapien urna. Proin et leo scelerisque, venenatis est non, hendrerit urna. Maecenas ut sodales ipsum. Suspendisse vehicula odio at ligula interdum, ut sodales lacus vulputate. Mauris egestas metus sed pellentesque eleifend. Morbi lacinia mauris sed aliquam efficitur. Nulla sed finibus ligula. Aliquam id massa nisl. Fusce a orci vehicula, imperdiet mauris nec, cursus metus. Proin rhoncus tincidunt dui et viverra. Nulla facilisi. 

  

Morbi magna diam, aliquam a luctus quis, interdum vitae ipsum. Ut eget tortor risus. Vivamus eu nibh sagittis, consectetur diam et, euismod mi. Suspendisse ultrices lorem et massa ornare, vitae laoreet odio condimentum. Duis et felis vel arcu lacinia sollicitudin. Aenean vel odio felis. Etiam blandit velit eros, et dapibus ante ultrices ac. Integer posuere eu urna cursus sagittis. Quisque mattis feugiat ligula ultricies facilisis. Ut nec quam nec dui commodo pretium rhoncus a magna. Pellentesque mauris augue, cursus ac augue id, efficitur vestibulum erat. Vestibulum nec lacus eu orci elementum ullamcorper. Donec et eros at lorem egestas laoreet et eget justo. Proin volutpat, tellus eu imperdiet luctus, ex nibh laoreet leo, at tincidunt lorem risus accumsan urna. ]]>
              </value>
            </param>
          </params>
          <reporter-output>
          </reporter-output>
        </test-method> <!-- testb -->
        <test-method signature="testb(java.lang.String, java.lang.String, java.lang.String, java.lang.String, java.lang.String, java.lang.String)[pri:0, instance:Testcase.Application_Test@24fcf36f]" started-at="2021-05-02T21:47:46 IST" name="testb" data-provider="Cycle2" finished-at="2021-05-02T21:47:58 IST" duration-ms="12667" status="PASS">
          <params>
            <param index="0">
              <value>
                <![CDATA[testing20201012@yahoo.com]]>
              </value>
            </param>
            <param index="1">
              <value>
                <![CDATA[testing@123]]>
              </value>
            </param>
            <param index="2">
              <value>
                <![CDATA[testing20201012@yahoo.com]]>
              </value>
            </param>
            <param index="3">
              <value>
                <![CDATA[testing20201014@gmail.com]]>
              </value>
            </param>
            <param index="4">
              <value>
                <![CDATA[2 test 4]]>
              </value>
            </param>
            <param index="5">
              <value>
                <![CDATA[Lorem ipsum dolor sit amet, consectetur adipiscing elit. Mauris leo risus, malesuada pretium enim at, mollis fermentum est. Aliquam magna diam, fermentum eget consequat varius, accumsan non lacus. Lorem ipsum dolor sit amet, consectetur adipiscing elit. Etiam eget nisi pellentesque, mollis lectus gravida, egestas leo. Suspendisse rutrum nunc eget purus eleifend, ut cursus turpis consequat. Mauris vulputate ultrices ante, non tempus mi efficitur ut. Aenean a ante scelerisque, fringilla sapien vitae, dictum leo. Nam vel ullamcorper purus. Curabitur vestibulum felis id urna euismod volutpat. Cras iaculis bibendum lorem, hendrerit gravida enim fermentum ornare. Nullam est tortor, ultrices non malesuada vel, cursus sed tortor. Praesent id purus elementum, rhoncus enim sed, luctus mauris. 

  

Curabitur quis semper dolor, vel mattis lorem. Aenean elit dolor, egestas at malesuada ac, pulvinar sit amet arcu. Nam finibus urna ac turpis convallis, vitae sodales nisi cursus. Donec eleifend ullamcorper est, eget efficitur sapien eleifend nec. Mauris auctor erat at tellus aliquam gravida tempor fermentum sapien. Etiam non congue lacus. Vestibulum hendrerit justo at libero ultricies, quis laoreet turpis accumsan. Praesent ut sem vel erat posuere ultricies. Vestibulum lacinia malesuada nisi, ut dapibus justo eleifend quis. Aliquam erat volutpat. 

  

Nunc vel volutpat magna, at venenatis ligula. In malesuada non arcu efficitur gravida. Etiam malesuada mauris id consectetur dapibus. Nam molestie leo eget libero sodales, non ullamcorper dolor condimentum. Donec sed turpis dui. Suspendisse a dapibus purus. Nunc metus nunc, convallis quis gravida et, pellentesque sit amet orci. Maecenas gravida hendrerit tincidunt. Ut scelerisque et orci ut commodo. Fusce vitae mollis nibh. Donec a mauris sagittis eros imperdiet euismod. Duis et lacus urna. Sed lacinia scelerisque ullamcorper. 

  

Vestibulum nec nunc urna. Integer egestas est ac aliquam fermentum. Morbi egestas nisi eu quam viverra, vitae fermentum mauris mattis. Integer et sapien urna. Proin et leo scelerisque, venenatis est non, hendrerit urna. Maecenas ut sodales ipsum. Suspendisse vehicula odio at ligula interdum, ut sodales lacus vulputate. Mauris egestas metus sed pellentesque eleifend. Morbi lacinia mauris sed aliquam efficitur. Nulla sed finibus ligula. Aliquam id massa nisl. Fusce a orci vehicula, imperdiet mauris nec, cursus metus. Proin rhoncus tincidunt dui et viverra. Nulla facilisi. 

  

Morbi magna diam, aliquam a luctus quis, interdum vitae ipsum. Ut eget tortor risus. Vivamus eu nibh sagittis, consectetur diam et, euismod mi. Suspendisse ultrices lorem et massa ornare, vitae laoreet odio condimentum. Duis et felis vel arcu lacinia sollicitudin. Aenean vel odio felis. Etiam blandit velit eros, et dapibus ante ultrices ac. Integer posuere eu urna cursus sagittis. Quisque mattis feugiat ligula ultricies facilisis. Ut nec quam nec dui commodo pretium rhoncus a magna. Pellentesque mauris augue, cursus ac augue id, efficitur vestibulum erat. Vestibulum nec lacus eu orci elementum ullamcorper. Donec et eros at lorem egestas laoreet et eget justo. Proin volutpat, tellus eu imperdiet luctus, ex nibh laoreet leo, at tincidunt lorem risus accumsan urna. ]]>
              </value>
            </param>
          </params>
          <reporter-output>
          </reporter-output>
        </test-method> <!-- testb -->
        <test-method signature="testb(java.lang.String, java.lang.String, java.lang.String, java.lang.String, java.lang.String, java.lang.String)[pri:0, instance:Testcase.Application_Test@24fcf36f]" started-at="2021-05-02T21:47:58 IST" name="testb" data-provider="Cycle2" finished-at="2021-05-02T21:48:10 IST" duration-ms="11473" status="PASS">
          <params>
            <param index="0">
              <value>
                <![CDATA[testing20201012@yahoo.com]]>
              </value>
            </param>
            <param index="1">
              <value>
                <![CDATA[testing@123]]>
              </value>
            </param>
            <param index="2">
              <value>
                <![CDATA[testing20201012@yahoo.com]]>
              </value>
            </param>
            <param index="3">
              <value>
                <![CDATA[testing20201015@gmail.com]]>
              </value>
            </param>
            <param index="4">
              <value>
                <![CDATA[2 test 5]]>
              </value>
            </param>
            <param index="5">
              <value>
                <![CDATA[Lorem ipsum dolor sit amet, consectetur adipiscing elit. Mauris leo risus, malesuada pretium enim at, mollis fermentum est. Aliquam magna diam, fermentum eget consequat varius, accumsan non lacus. Lorem ipsum dolor sit amet, consectetur adipiscing elit. Etiam eget nisi pellentesque, mollis lectus gravida, egestas leo. Suspendisse rutrum nunc eget purus eleifend, ut cursus turpis consequat. Mauris vulputate ultrices ante, non tempus mi efficitur ut. Aenean a ante scelerisque, fringilla sapien vitae, dictum leo. Nam vel ullamcorper purus. Curabitur vestibulum felis id urna euismod volutpat. Cras iaculis bibendum lorem, hendrerit gravida enim fermentum ornare. Nullam est tortor, ultrices non malesuada vel, cursus sed tortor. Praesent id purus elementum, rhoncus enim sed, luctus mauris. 

  

Curabitur quis semper dolor, vel mattis lorem. Aenean elit dolor, egestas at malesuada ac, pulvinar sit amet arcu. Nam finibus urna ac turpis convallis, vitae sodales nisi cursus. Donec eleifend ullamcorper est, eget efficitur sapien eleifend nec. Mauris auctor erat at tellus aliquam gravida tempor fermentum sapien. Etiam non congue lacus. Vestibulum hendrerit justo at libero ultricies, quis laoreet turpis accumsan. Praesent ut sem vel erat posuere ultricies. Vestibulum lacinia malesuada nisi, ut dapibus justo eleifend quis. Aliquam erat volutpat. 

  

Nunc vel volutpat magna, at venenatis ligula. In malesuada non arcu efficitur gravida. Etiam malesuada mauris id consectetur dapibus. Nam molestie leo eget libero sodales, non ullamcorper dolor condimentum. Donec sed turpis dui. Suspendisse a dapibus purus. Nunc metus nunc, convallis quis gravida et, pellentesque sit amet orci. Maecenas gravida hendrerit tincidunt. Ut scelerisque et orci ut commodo. Fusce vitae mollis nibh. Donec a mauris sagittis eros imperdiet euismod. Duis et lacus urna. Sed lacinia scelerisque ullamcorper. 

  

Vestibulum nec nunc urna. Integer egestas est ac aliquam fermentum. Morbi egestas nisi eu quam viverra, vitae fermentum mauris mattis. Integer et sapien urna. Proin et leo scelerisque, venenatis est non, hendrerit urna. Maecenas ut sodales ipsum. Suspendisse vehicula odio at ligula interdum, ut sodales lacus vulputate. Mauris egestas metus sed pellentesque eleifend. Morbi lacinia mauris sed aliquam efficitur. Nulla sed finibus ligula. Aliquam id massa nisl. Fusce a orci vehicula, imperdiet mauris nec, cursus metus. Proin rhoncus tincidunt dui et viverra. Nulla facilisi. 

  

Morbi magna diam, aliquam a luctus quis, interdum vitae ipsum. Ut eget tortor risus. Vivamus eu nibh sagittis, consectetur diam et, euismod mi. Suspendisse ultrices lorem et massa ornare, vitae laoreet odio condimentum. Duis et felis vel arcu lacinia sollicitudin. Aenean vel odio felis. Etiam blandit velit eros, et dapibus ante ultrices ac. Integer posuere eu urna cursus sagittis. Quisque mattis feugiat ligula ultricies facilisis. Ut nec quam nec dui commodo pretium rhoncus a magna. Pellentesque mauris augue, cursus ac augue id, efficitur vestibulum erat. Vestibulum nec lacus eu orci elementum ullamcorper. Donec et eros at lorem egestas laoreet et eget justo. Proin volutpat, tellus eu imperdiet luctus, ex nibh laoreet leo, at tincidunt lorem risus accumsan urna. ]]>
              </value>
            </param>
          </params>
          <reporter-output>
          </reporter-output>
        </test-method> <!-- testb -->
        <test-method signature="testc(java.lang.String, java.lang.String, java.lang.String, java.lang.String, java.lang.String, java.lang.String)[pri:0, instance:Testcase.Application_Test@24fcf36f]" started-at="2021-05-02T21:48:10 IST" name="testc" data-provider="Cycle3" finished-at="2021-05-02T21:48:22 IST" duration-ms="11471" status="PASS">
          <params>
            <param index="0">
              <value>
                <![CDATA[testing20201013@yahoo.com]]>
              </value>
            </param>
            <param index="1">
              <value>
                <![CDATA[testing@123]]>
              </value>
            </param>
            <param index="2">
              <value>
                <![CDATA[testing20201013@yahoo.com]]>
              </value>
            </param>
            <param index="3">
              <value>
                <![CDATA[testing20201011@gmail.com]]>
              </value>
            </param>
            <param index="4">
              <value>
                <![CDATA[3 test 1]]>
              </value>
            </param>
            <param index="5">
              <value>
                <![CDATA[Lorem ipsum dolor sit amet, consectetur adipiscing elit. Mauris leo risus, malesuada pretium enim at, mollis fermentum est. Aliquam magna diam, fermentum eget consequat varius, accumsan non lacus. Lorem ipsum dolor sit amet, consectetur adipiscing elit. Etiam eget nisi pellentesque, mollis lectus gravida, egestas leo. Suspendisse rutrum nunc eget purus eleifend, ut cursus turpis consequat. Mauris vulputate ultrices ante, non tempus mi efficitur ut. Aenean a ante scelerisque, fringilla sapien vitae, dictum leo. Nam vel ullamcorper purus. Curabitur vestibulum felis id urna euismod volutpat. Cras iaculis bibendum lorem, hendrerit gravida enim fermentum ornare. Nullam est tortor, ultrices non malesuada vel, cursus sed tortor. Praesent id purus elementum, rhoncus enim sed, luctus mauris. 

  

Curabitur quis semper dolor, vel mattis lorem. Aenean elit dolor, egestas at malesuada ac, pulvinar sit amet arcu. Nam finibus urna ac turpis convallis, vitae sodales nisi cursus. Donec eleifend ullamcorper est, eget efficitur sapien eleifend nec. Mauris auctor erat at tellus aliquam gravida tempor fermentum sapien. Etiam non congue lacus. Vestibulum hendrerit justo at libero ultricies, quis laoreet turpis accumsan. Praesent ut sem vel erat posuere ultricies. Vestibulum lacinia malesuada nisi, ut dapibus justo eleifend quis. Aliquam erat volutpat. 

  

Nunc vel volutpat magna, at venenatis ligula. In malesuada non arcu efficitur gravida. Etiam malesuada mauris id consectetur dapibus. Nam molestie leo eget libero sodales, non ullamcorper dolor condimentum. Donec sed turpis dui. Suspendisse a dapibus purus. Nunc metus nunc, convallis quis gravida et, pellentesque sit amet orci. Maecenas gravida hendrerit tincidunt. Ut scelerisque et orci ut commodo. Fusce vitae mollis nibh. Donec a mauris sagittis eros imperdiet euismod. Duis et lacus urna. Sed lacinia scelerisque ullamcorper. 

  

Vestibulum nec nunc urna. Integer egestas est ac aliquam fermentum. Morbi egestas nisi eu quam viverra, vitae fermentum mauris mattis. Integer et sapien urna. Proin et leo scelerisque, venenatis est non, hendrerit urna. Maecenas ut sodales ipsum. Suspendisse vehicula odio at ligula interdum, ut sodales lacus vulputate. Mauris egestas metus sed pellentesque eleifend. Morbi lacinia mauris sed aliquam efficitur. Nulla sed finibus ligula. Aliquam id massa nisl. Fusce a orci vehicula, imperdiet mauris nec, cursus metus. Proin rhoncus tincidunt dui et viverra. Nulla facilisi. 

  

Morbi magna diam, aliquam a luctus quis, interdum vitae ipsum. Ut eget tortor risus. Vivamus eu nibh sagittis, consectetur diam et, euismod mi. Suspendisse ultrices lorem et massa ornare, vitae laoreet odio condimentum. Duis et felis vel arcu lacinia sollicitudin. Aenean vel odio felis. Etiam blandit velit eros, et dapibus ante ultrices ac. Integer posuere eu urna cursus sagittis. Quisque mattis feugiat ligula ultricies facilisis. Ut nec quam nec dui commodo pretium rhoncus a magna. Pellentesque mauris augue, cursus ac augue id, efficitur vestibulum erat. Vestibulum nec lacus eu orci elementum ullamcorper. Donec et eros at lorem egestas laoreet et eget justo. Proin volutpat, tellus eu imperdiet luctus, ex nibh laoreet leo, at tincidunt lorem risus accumsan urna. ]]>
              </value>
            </param>
          </params>
          <reporter-output>
          </reporter-output>
        </test-method> <!-- testc -->
        <test-method signature="testc(java.lang.String, java.lang.String, java.lang.String, java.lang.String, java.lang.String, java.lang.String)[pri:0, instance:Testcase.Application_Test@24fcf36f]" started-at="2021-05-02T21:48:22 IST" name="testc" data-provider="Cycle3" finished-at="2021-05-02T21:48:33 IST" duration-ms="11566" status="PASS">
          <params>
            <param index="0">
              <value>
                <![CDATA[testing20201013@yahoo.com]]>
              </value>
            </param>
            <param index="1">
              <value>
                <![CDATA[testing@123]]>
              </value>
            </param>
            <param index="2">
              <value>
                <![CDATA[testing20201013@yahoo.com]]>
              </value>
            </param>
            <param index="3">
              <value>
                <![CDATA[testing20201012@gmail.com]]>
              </value>
            </param>
            <param index="4">
              <value>
                <![CDATA[3 test 2]]>
              </value>
            </param>
            <param index="5">
              <value>
                <![CDATA[Lorem ipsum dolor sit amet, consectetur adipiscing elit. Mauris leo risus, malesuada pretium enim at, mollis fermentum est. Aliquam magna diam, fermentum eget consequat varius, accumsan non lacus. Lorem ipsum dolor sit amet, consectetur adipiscing elit. Etiam eget nisi pellentesque, mollis lectus gravida, egestas leo. Suspendisse rutrum nunc eget purus eleifend, ut cursus turpis consequat. Mauris vulputate ultrices ante, non tempus mi efficitur ut. Aenean a ante scelerisque, fringilla sapien vitae, dictum leo. Nam vel ullamcorper purus. Curabitur vestibulum felis id urna euismod volutpat. Cras iaculis bibendum lorem, hendrerit gravida enim fermentum ornare. Nullam est tortor, ultrices non malesuada vel, cursus sed tortor. Praesent id purus elementum, rhoncus enim sed, luctus mauris. 

  

Curabitur quis semper dolor, vel mattis lorem. Aenean elit dolor, egestas at malesuada ac, pulvinar sit amet arcu. Nam finibus urna ac turpis convallis, vitae sodales nisi cursus. Donec eleifend ullamcorper est, eget efficitur sapien eleifend nec. Mauris auctor erat at tellus aliquam gravida tempor fermentum sapien. Etiam non congue lacus. Vestibulum hendrerit justo at libero ultricies, quis laoreet turpis accumsan. Praesent ut sem vel erat posuere ultricies. Vestibulum lacinia malesuada nisi, ut dapibus justo eleifend quis. Aliquam erat volutpat. 

  

Nunc vel volutpat magna, at venenatis ligula. In malesuada non arcu efficitur gravida. Etiam malesuada mauris id consectetur dapibus. Nam molestie leo eget libero sodales, non ullamcorper dolor condimentum. Donec sed turpis dui. Suspendisse a dapibus purus. Nunc metus nunc, convallis quis gravida et, pellentesque sit amet orci. Maecenas gravida hendrerit tincidunt. Ut scelerisque et orci ut commodo. Fusce vitae mollis nibh. Donec a mauris sagittis eros imperdiet euismod. Duis et lacus urna. Sed lacinia scelerisque ullamcorper. 

  

Vestibulum nec nunc urna. Integer egestas est ac aliquam fermentum. Morbi egestas nisi eu quam viverra, vitae fermentum mauris mattis. Integer et sapien urna. Proin et leo scelerisque, venenatis est non, hendrerit urna. Maecenas ut sodales ipsum. Suspendisse vehicula odio at ligula interdum, ut sodales lacus vulputate. Mauris egestas metus sed pellentesque eleifend. Morbi lacinia mauris sed aliquam efficitur. Nulla sed finibus ligula. Aliquam id massa nisl. Fusce a orci vehicula, imperdiet mauris nec, cursus metus. Proin rhoncus tincidunt dui et viverra. Nulla facilisi. 

  

Morbi magna diam, aliquam a luctus quis, interdum vitae ipsum. Ut eget tortor risus. Vivamus eu nibh sagittis, consectetur diam et, euismod mi. Suspendisse ultrices lorem et massa ornare, vitae laoreet odio condimentum. Duis et felis vel arcu lacinia sollicitudin. Aenean vel odio felis. Etiam blandit velit eros, et dapibus ante ultrices ac. Integer posuere eu urna cursus sagittis. Quisque mattis feugiat ligula ultricies facilisis. Ut nec quam nec dui commodo pretium rhoncus a magna. Pellentesque mauris augue, cursus ac augue id, efficitur vestibulum erat. Vestibulum nec lacus eu orci elementum ullamcorper. Donec et eros at lorem egestas laoreet et eget justo. Proin volutpat, tellus eu imperdiet luctus, ex nibh laoreet leo, at tincidunt lorem risus accumsan urna. ]]>
              </value>
            </param>
          </params>
          <reporter-output>
          </reporter-output>
        </test-method> <!-- testc -->
        <test-method signature="testc(java.lang.String, java.lang.String, java.lang.String, java.lang.String, java.lang.String, java.lang.String)[pri:0, instance:Testcase.Application_Test@24fcf36f]" started-at="2021-05-02T21:48:33 IST" name="testc" data-provider="Cycle3" finished-at="2021-05-02T21:48:45 IST" duration-ms="11450" status="PASS">
          <params>
            <param index="0">
              <value>
                <![CDATA[testing20201013@yahoo.com]]>
              </value>
            </param>
            <param index="1">
              <value>
                <![CDATA[testing@123]]>
              </value>
            </param>
            <param index="2">
              <value>
                <![CDATA[testing20201013@yahoo.com]]>
              </value>
            </param>
            <param index="3">
              <value>
                <![CDATA[testing20201013@gmail.com]]>
              </value>
            </param>
            <param index="4">
              <value>
                <![CDATA[3 test 3]]>
              </value>
            </param>
            <param index="5">
              <value>
                <![CDATA[Lorem ipsum dolor sit amet, consectetur adipiscing elit. Mauris leo risus, malesuada pretium enim at, mollis fermentum est. Aliquam magna diam, fermentum eget consequat varius, accumsan non lacus. Lorem ipsum dolor sit amet, consectetur adipiscing elit. Etiam eget nisi pellentesque, mollis lectus gravida, egestas leo. Suspendisse rutrum nunc eget purus eleifend, ut cursus turpis consequat. Mauris vulputate ultrices ante, non tempus mi efficitur ut. Aenean a ante scelerisque, fringilla sapien vitae, dictum leo. Nam vel ullamcorper purus. Curabitur vestibulum felis id urna euismod volutpat. Cras iaculis bibendum lorem, hendrerit gravida enim fermentum ornare. Nullam est tortor, ultrices non malesuada vel, cursus sed tortor. Praesent id purus elementum, rhoncus enim sed, luctus mauris. 

  

Curabitur quis semper dolor, vel mattis lorem. Aenean elit dolor, egestas at malesuada ac, pulvinar sit amet arcu. Nam finibus urna ac turpis convallis, vitae sodales nisi cursus. Donec eleifend ullamcorper est, eget efficitur sapien eleifend nec. Mauris auctor erat at tellus aliquam gravida tempor fermentum sapien. Etiam non congue lacus. Vestibulum hendrerit justo at libero ultricies, quis laoreet turpis accumsan. Praesent ut sem vel erat posuere ultricies. Vestibulum lacinia malesuada nisi, ut dapibus justo eleifend quis. Aliquam erat volutpat. 

  

Nunc vel volutpat magna, at venenatis ligula. In malesuada non arcu efficitur gravida. Etiam malesuada mauris id consectetur dapibus. Nam molestie leo eget libero sodales, non ullamcorper dolor condimentum. Donec sed turpis dui. Suspendisse a dapibus purus. Nunc metus nunc, convallis quis gravida et, pellentesque sit amet orci. Maecenas gravida hendrerit tincidunt. Ut scelerisque et orci ut commodo. Fusce vitae mollis nibh. Donec a mauris sagittis eros imperdiet euismod. Duis et lacus urna. Sed lacinia scelerisque ullamcorper. 

  

Vestibulum nec nunc urna. Integer egestas est ac aliquam fermentum. Morbi egestas nisi eu quam viverra, vitae fermentum mauris mattis. Integer et sapien urna. Proin et leo scelerisque, venenatis est non, hendrerit urna. Maecenas ut sodales ipsum. Suspendisse vehicula odio at ligula interdum, ut sodales lacus vulputate. Mauris egestas metus sed pellentesque eleifend. Morbi lacinia mauris sed aliquam efficitur. Nulla sed finibus ligula. Aliquam id massa nisl. Fusce a orci vehicula, imperdiet mauris nec, cursus metus. Proin rhoncus tincidunt dui et viverra. Nulla facilisi. 

  

Morbi magna diam, aliquam a luctus quis, interdum vitae ipsum. Ut eget tortor risus. Vivamus eu nibh sagittis, consectetur diam et, euismod mi. Suspendisse ultrices lorem et massa ornare, vitae laoreet odio condimentum. Duis et felis vel arcu lacinia sollicitudin. Aenean vel odio felis. Etiam blandit velit eros, et dapibus ante ultrices ac. Integer posuere eu urna cursus sagittis. Quisque mattis feugiat ligula ultricies facilisis. Ut nec quam nec dui commodo pretium rhoncus a magna. Pellentesque mauris augue, cursus ac augue id, efficitur vestibulum erat. Vestibulum nec lacus eu orci elementum ullamcorper. Donec et eros at lorem egestas laoreet et eget justo. Proin volutpat, tellus eu imperdiet luctus, ex nibh laoreet leo, at tincidunt lorem risus accumsan urna. ]]>
              </value>
            </param>
          </params>
          <reporter-output>
          </reporter-output>
        </test-method> <!-- testc -->
        <test-method signature="testc(java.lang.String, java.lang.String, java.lang.String, java.lang.String, java.lang.String, java.lang.String)[pri:0, instance:Testcase.Application_Test@24fcf36f]" started-at="2021-05-02T21:48:45 IST" name="testc" data-provider="Cycle3" finished-at="2021-05-02T21:48:56 IST" duration-ms="11543" status="PASS">
          <params>
            <param index="0">
              <value>
                <![CDATA[testing20201013@yahoo.com]]>
              </value>
            </param>
            <param index="1">
              <value>
                <![CDATA[testing@123]]>
              </value>
            </param>
            <param index="2">
              <value>
                <![CDATA[testing20201013@yahoo.com]]>
              </value>
            </param>
            <param index="3">
              <value>
                <![CDATA[testing20201014@gmail.com]]>
              </value>
            </param>
            <param index="4">
              <value>
                <![CDATA[3 test 4]]>
              </value>
            </param>
            <param index="5">
              <value>
                <![CDATA[Lorem ipsum dolor sit amet, consectetur adipiscing elit. Mauris leo risus, malesuada pretium enim at, mollis fermentum est. Aliquam magna diam, fermentum eget consequat varius, accumsan non lacus. Lorem ipsum dolor sit amet, consectetur adipiscing elit. Etiam eget nisi pellentesque, mollis lectus gravida, egestas leo. Suspendisse rutrum nunc eget purus eleifend, ut cursus turpis consequat. Mauris vulputate ultrices ante, non tempus mi efficitur ut. Aenean a ante scelerisque, fringilla sapien vitae, dictum leo. Nam vel ullamcorper purus. Curabitur vestibulum felis id urna euismod volutpat. Cras iaculis bibendum lorem, hendrerit gravida enim fermentum ornare. Nullam est tortor, ultrices non malesuada vel, cursus sed tortor. Praesent id purus elementum, rhoncus enim sed, luctus mauris. 

  

Curabitur quis semper dolor, vel mattis lorem. Aenean elit dolor, egestas at malesuada ac, pulvinar sit amet arcu. Nam finibus urna ac turpis convallis, vitae sodales nisi cursus. Donec eleifend ullamcorper est, eget efficitur sapien eleifend nec. Mauris auctor erat at tellus aliquam gravida tempor fermentum sapien. Etiam non congue lacus. Vestibulum hendrerit justo at libero ultricies, quis laoreet turpis accumsan. Praesent ut sem vel erat posuere ultricies. Vestibulum lacinia malesuada nisi, ut dapibus justo eleifend quis. Aliquam erat volutpat. 

  

Nunc vel volutpat magna, at venenatis ligula. In malesuada non arcu efficitur gravida. Etiam malesuada mauris id consectetur dapibus. Nam molestie leo eget libero sodales, non ullamcorper dolor condimentum. Donec sed turpis dui. Suspendisse a dapibus purus. Nunc metus nunc, convallis quis gravida et, pellentesque sit amet orci. Maecenas gravida hendrerit tincidunt. Ut scelerisque et orci ut commodo. Fusce vitae mollis nibh. Donec a mauris sagittis eros imperdiet euismod. Duis et lacus urna. Sed lacinia scelerisque ullamcorper. 

  

Vestibulum nec nunc urna. Integer egestas est ac aliquam fermentum. Morbi egestas nisi eu quam viverra, vitae fermentum mauris mattis. Integer et sapien urna. Proin et leo scelerisque, venenatis est non, hendrerit urna. Maecenas ut sodales ipsum. Suspendisse vehicula odio at ligula interdum, ut sodales lacus vulputate. Mauris egestas metus sed pellentesque eleifend. Morbi lacinia mauris sed aliquam efficitur. Nulla sed finibus ligula. Aliquam id massa nisl. Fusce a orci vehicula, imperdiet mauris nec, cursus metus. Proin rhoncus tincidunt dui et viverra. Nulla facilisi. 

  

Morbi magna diam, aliquam a luctus quis, interdum vitae ipsum. Ut eget tortor risus. Vivamus eu nibh sagittis, consectetur diam et, euismod mi. Suspendisse ultrices lorem et massa ornare, vitae laoreet odio condimentum. Duis et felis vel arcu lacinia sollicitudin. Aenean vel odio felis. Etiam blandit velit eros, et dapibus ante ultrices ac. Integer posuere eu urna cursus sagittis. Quisque mattis feugiat ligula ultricies facilisis. Ut nec quam nec dui commodo pretium rhoncus a magna. Pellentesque mauris augue, cursus ac augue id, efficitur vestibulum erat. Vestibulum nec lacus eu orci elementum ullamcorper. Donec et eros at lorem egestas laoreet et eget justo. Proin volutpat, tellus eu imperdiet luctus, ex nibh laoreet leo, at tincidunt lorem risus accumsan urna. ]]>
              </value>
            </param>
          </params>
          <reporter-output>
          </reporter-output>
        </test-method> <!-- testc -->
        <test-method signature="testc(java.lang.String, java.lang.String, java.lang.String, java.lang.String, java.lang.String, java.lang.String)[pri:0, instance:Testcase.Application_Test@24fcf36f]" started-at="2021-05-02T21:48:56 IST" name="testc" data-provider="Cycle3" finished-at="2021-05-02T21:49:08 IST" duration-ms="11388" status="PASS">
          <params>
            <param index="0">
              <value>
                <![CDATA[testing20201013@yahoo.com]]>
              </value>
            </param>
            <param index="1">
              <value>
                <![CDATA[testing@123]]>
              </value>
            </param>
            <param index="2">
              <value>
                <![CDATA[testing20201013@yahoo.com]]>
              </value>
            </param>
            <param index="3">
              <value>
                <![CDATA[testing20201015@gmail.com]]>
              </value>
            </param>
            <param index="4">
              <value>
                <![CDATA[3 test 5]]>
              </value>
            </param>
            <param index="5">
              <value>
                <![CDATA[Lorem ipsum dolor sit amet, consectetur adipiscing elit. Mauris leo risus, malesuada pretium enim at, mollis fermentum est. Aliquam magna diam, fermentum eget consequat varius, accumsan non lacus. Lorem ipsum dolor sit amet, consectetur adipiscing elit. Etiam eget nisi pellentesque, mollis lectus gravida, egestas leo. Suspendisse rutrum nunc eget purus eleifend, ut cursus turpis consequat. Mauris vulputate ultrices ante, non tempus mi efficitur ut. Aenean a ante scelerisque, fringilla sapien vitae, dictum leo. Nam vel ullamcorper purus. Curabitur vestibulum felis id urna euismod volutpat. Cras iaculis bibendum lorem, hendrerit gravida enim fermentum ornare. Nullam est tortor, ultrices non malesuada vel, cursus sed tortor. Praesent id purus elementum, rhoncus enim sed, luctus mauris. 

  

Curabitur quis semper dolor, vel mattis lorem. Aenean elit dolor, egestas at malesuada ac, pulvinar sit amet arcu. Nam finibus urna ac turpis convallis, vitae sodales nisi cursus. Donec eleifend ullamcorper est, eget efficitur sapien eleifend nec. Mauris auctor erat at tellus aliquam gravida tempor fermentum sapien. Etiam non congue lacus. Vestibulum hendrerit justo at libero ultricies, quis laoreet turpis accumsan. Praesent ut sem vel erat posuere ultricies. Vestibulum lacinia malesuada nisi, ut dapibus justo eleifend quis. Aliquam erat volutpat. 

  

Nunc vel volutpat magna, at venenatis ligula. In malesuada non arcu efficitur gravida. Etiam malesuada mauris id consectetur dapibus. Nam molestie leo eget libero sodales, non ullamcorper dolor condimentum. Donec sed turpis dui. Suspendisse a dapibus purus. Nunc metus nunc, convallis quis gravida et, pellentesque sit amet orci. Maecenas gravida hendrerit tincidunt. Ut scelerisque et orci ut commodo. Fusce vitae mollis nibh. Donec a mauris sagittis eros imperdiet euismod. Duis et lacus urna. Sed lacinia scelerisque ullamcorper. 

  

Vestibulum nec nunc urna. Integer egestas est ac aliquam fermentum. Morbi egestas nisi eu quam viverra, vitae fermentum mauris mattis. Integer et sapien urna. Proin et leo scelerisque, venenatis est non, hendrerit urna. Maecenas ut sodales ipsum. Suspendisse vehicula odio at ligula interdum, ut sodales lacus vulputate. Mauris egestas metus sed pellentesque eleifend. Morbi lacinia mauris sed aliquam efficitur. Nulla sed finibus ligula. Aliquam id massa nisl. Fusce a orci vehicula, imperdiet mauris nec, cursus metus. Proin rhoncus tincidunt dui et viverra. Nulla facilisi. 

  

Morbi magna diam, aliquam a luctus quis, interdum vitae ipsum. Ut eget tortor risus. Vivamus eu nibh sagittis, consectetur diam et, euismod mi. Suspendisse ultrices lorem et massa ornare, vitae laoreet odio condimentum. Duis et felis vel arcu lacinia sollicitudin. Aenean vel odio felis. Etiam blandit velit eros, et dapibus ante ultrices ac. Integer posuere eu urna cursus sagittis. Quisque mattis feugiat ligula ultricies facilisis. Ut nec quam nec dui commodo pretium rhoncus a magna. Pellentesque mauris augue, cursus ac augue id, efficitur vestibulum erat. Vestibulum nec lacus eu orci elementum ullamcorper. Donec et eros at lorem egestas laoreet et eget justo. Proin volutpat, tellus eu imperdiet luctus, ex nibh laoreet leo, at tincidunt lorem risus accumsan urna. ]]>
              </value>
            </param>
          </params>
          <reporter-output>
          </reporter-output>
        </test-method> <!-- testc -->
        <test-method signature="testd(java.lang.String, java.lang.String, java.lang.String, java.lang.String, java.lang.String, java.lang.String)[pri:0, instance:Testcase.Application_Test@24fcf36f]" started-at="2021-05-02T21:49:08 IST" name="testd" data-provider="Cycle4" finished-at="2021-05-02T21:49:20 IST" duration-ms="11358" status="PASS">
          <params>
            <param index="0">
              <value>
                <![CDATA[testing20201014@yahoo.com]]>
              </value>
            </param>
            <param index="1">
              <value>
                <![CDATA[testing@123]]>
              </value>
            </param>
            <param index="2">
              <value>
                <![CDATA[testing20201014@yahoo.com]]>
              </value>
            </param>
            <param index="3">
              <value>
                <![CDATA[testing20201011@gmail.com]]>
              </value>
            </param>
            <param index="4">
              <value>
                <![CDATA[4 test 1]]>
              </value>
            </param>
            <param index="5">
              <value>
                <![CDATA[Lorem ipsum dolor sit amet, consectetur adipiscing elit. Mauris leo risus, malesuada pretium enim at, mollis fermentum est. Aliquam magna diam, fermentum eget consequat varius, accumsan non lacus. Lorem ipsum dolor sit amet, consectetur adipiscing elit. Etiam eget nisi pellentesque, mollis lectus gravida, egestas leo. Suspendisse rutrum nunc eget purus eleifend, ut cursus turpis consequat. Mauris vulputate ultrices ante, non tempus mi efficitur ut. Aenean a ante scelerisque, fringilla sapien vitae, dictum leo. Nam vel ullamcorper purus. Curabitur vestibulum felis id urna euismod volutpat. Cras iaculis bibendum lorem, hendrerit gravida enim fermentum ornare. Nullam est tortor, ultrices non malesuada vel, cursus sed tortor. Praesent id purus elementum, rhoncus enim sed, luctus mauris. 

  

Curabitur quis semper dolor, vel mattis lorem. Aenean elit dolor, egestas at malesuada ac, pulvinar sit amet arcu. Nam finibus urna ac turpis convallis, vitae sodales nisi cursus. Donec eleifend ullamcorper est, eget efficitur sapien eleifend nec. Mauris auctor erat at tellus aliquam gravida tempor fermentum sapien. Etiam non congue lacus. Vestibulum hendrerit justo at libero ultricies, quis laoreet turpis accumsan. Praesent ut sem vel erat posuere ultricies. Vestibulum lacinia malesuada nisi, ut dapibus justo eleifend quis. Aliquam erat volutpat. 

  

Nunc vel volutpat magna, at venenatis ligula. In malesuada non arcu efficitur gravida. Etiam malesuada mauris id consectetur dapibus. Nam molestie leo eget libero sodales, non ullamcorper dolor condimentum. Donec sed turpis dui. Suspendisse a dapibus purus. Nunc metus nunc, convallis quis gravida et, pellentesque sit amet orci. Maecenas gravida hendrerit tincidunt. Ut scelerisque et orci ut commodo. Fusce vitae mollis nibh. Donec a mauris sagittis eros imperdiet euismod. Duis et lacus urna. Sed lacinia scelerisque ullamcorper. 

  

Vestibulum nec nunc urna. Integer egestas est ac aliquam fermentum. Morbi egestas nisi eu quam viverra, vitae fermentum mauris mattis. Integer et sapien urna. Proin et leo scelerisque, venenatis est non, hendrerit urna. Maecenas ut sodales ipsum. Suspendisse vehicula odio at ligula interdum, ut sodales lacus vulputate. Mauris egestas metus sed pellentesque eleifend. Morbi lacinia mauris sed aliquam efficitur. Nulla sed finibus ligula. Aliquam id massa nisl. Fusce a orci vehicula, imperdiet mauris nec, cursus metus. Proin rhoncus tincidunt dui et viverra. Nulla facilisi. 

  

Morbi magna diam, aliquam a luctus quis, interdum vitae ipsum. Ut eget tortor risus. Vivamus eu nibh sagittis, consectetur diam et, euismod mi. Suspendisse ultrices lorem et massa ornare, vitae laoreet odio condimentum. Duis et felis vel arcu lacinia sollicitudin. Aenean vel odio felis. Etiam blandit velit eros, et dapibus ante ultrices ac. Integer posuere eu urna cursus sagittis. Quisque mattis feugiat ligula ultricies facilisis. Ut nec quam nec dui commodo pretium rhoncus a magna. Pellentesque mauris augue, cursus ac augue id, efficitur vestibulum erat. Vestibulum nec lacus eu orci elementum ullamcorper. Donec et eros at lorem egestas laoreet et eget justo. Proin volutpat, tellus eu imperdiet luctus, ex nibh laoreet leo, at tincidunt lorem risus accumsan urna. ]]>
              </value>
            </param>
          </params>
          <reporter-output>
          </reporter-output>
        </test-method> <!-- testd -->
        <test-method signature="testd(java.lang.String, java.lang.String, java.lang.String, java.lang.String, java.lang.String, java.lang.String)[pri:0, instance:Testcase.Application_Test@24fcf36f]" started-at="2021-05-02T21:49:20 IST" name="testd" data-provider="Cycle4" finished-at="2021-05-02T21:49:31 IST" duration-ms="11391" status="PASS">
          <params>
            <param index="0">
              <value>
                <![CDATA[testing20201014@yahoo.com]]>
              </value>
            </param>
            <param index="1">
              <value>
                <![CDATA[testing@123]]>
              </value>
            </param>
            <param index="2">
              <value>
                <![CDATA[testing20201014@yahoo.com]]>
              </value>
            </param>
            <param index="3">
              <value>
                <![CDATA[testing20201012@gmail.com]]>
              </value>
            </param>
            <param index="4">
              <value>
                <![CDATA[4 test 2]]>
              </value>
            </param>
            <param index="5">
              <value>
                <![CDATA[Lorem ipsum dolor sit amet, consectetur adipiscing elit. Mauris leo risus, malesuada pretium enim at, mollis fermentum est. Aliquam magna diam, fermentum eget consequat varius, accumsan non lacus. Lorem ipsum dolor sit amet, consectetur adipiscing elit. Etiam eget nisi pellentesque, mollis lectus gravida, egestas leo. Suspendisse rutrum nunc eget purus eleifend, ut cursus turpis consequat. Mauris vulputate ultrices ante, non tempus mi efficitur ut. Aenean a ante scelerisque, fringilla sapien vitae, dictum leo. Nam vel ullamcorper purus. Curabitur vestibulum felis id urna euismod volutpat. Cras iaculis bibendum lorem, hendrerit gravida enim fermentum ornare. Nullam est tortor, ultrices non malesuada vel, cursus sed tortor. Praesent id purus elementum, rhoncus enim sed, luctus mauris. 

  

Curabitur quis semper dolor, vel mattis lorem. Aenean elit dolor, egestas at malesuada ac, pulvinar sit amet arcu. Nam finibus urna ac turpis convallis, vitae sodales nisi cursus. Donec eleifend ullamcorper est, eget efficitur sapien eleifend nec. Mauris auctor erat at tellus aliquam gravida tempor fermentum sapien. Etiam non congue lacus. Vestibulum hendrerit justo at libero ultricies, quis laoreet turpis accumsan. Praesent ut sem vel erat posuere ultricies. Vestibulum lacinia malesuada nisi, ut dapibus justo eleifend quis. Aliquam erat volutpat. 

  

Nunc vel volutpat magna, at venenatis ligula. In malesuada non arcu efficitur gravida. Etiam malesuada mauris id consectetur dapibus. Nam molestie leo eget libero sodales, non ullamcorper dolor condimentum. Donec sed turpis dui. Suspendisse a dapibus purus. Nunc metus nunc, convallis quis gravida et, pellentesque sit amet orci. Maecenas gravida hendrerit tincidunt. Ut scelerisque et orci ut commodo. Fusce vitae mollis nibh. Donec a mauris sagittis eros imperdiet euismod. Duis et lacus urna. Sed lacinia scelerisque ullamcorper. 

  

Vestibulum nec nunc urna. Integer egestas est ac aliquam fermentum. Morbi egestas nisi eu quam viverra, vitae fermentum mauris mattis. Integer et sapien urna. Proin et leo scelerisque, venenatis est non, hendrerit urna. Maecenas ut sodales ipsum. Suspendisse vehicula odio at ligula interdum, ut sodales lacus vulputate. Mauris egestas metus sed pellentesque eleifend. Morbi lacinia mauris sed aliquam efficitur. Nulla sed finibus ligula. Aliquam id massa nisl. Fusce a orci vehicula, imperdiet mauris nec, cursus metus. Proin rhoncus tincidunt dui et viverra. Nulla facilisi. 

  

Morbi magna diam, aliquam a luctus quis, interdum vitae ipsum. Ut eget tortor risus. Vivamus eu nibh sagittis, consectetur diam et, euismod mi. Suspendisse ultrices lorem et massa ornare, vitae laoreet odio condimentum. Duis et felis vel arcu lacinia sollicitudin. Aenean vel odio felis. Etiam blandit velit eros, et dapibus ante ultrices ac. Integer posuere eu urna cursus sagittis. Quisque mattis feugiat ligula ultricies facilisis. Ut nec quam nec dui commodo pretium rhoncus a magna. Pellentesque mauris augue, cursus ac augue id, efficitur vestibulum erat. Vestibulum nec lacus eu orci elementum ullamcorper. Donec et eros at lorem egestas laoreet et eget justo. Proin volutpat, tellus eu imperdiet luctus, ex nibh laoreet leo, at tincidunt lorem risus accumsan urna. ]]>
              </value>
            </param>
          </params>
          <reporter-output>
          </reporter-output>
        </test-method> <!-- testd -->
        <test-method signature="testd(java.lang.String, java.lang.String, java.lang.String, java.lang.String, java.lang.String, java.lang.String)[pri:0, instance:Testcase.Application_Test@24fcf36f]" started-at="2021-05-02T21:49:31 IST" name="testd" data-provider="Cycle4" finished-at="2021-05-02T21:49:42 IST" duration-ms="11308" status="PASS">
          <params>
            <param index="0">
              <value>
                <![CDATA[testing20201014@yahoo.com]]>
              </value>
            </param>
            <param index="1">
              <value>
                <![CDATA[testing@123]]>
              </value>
            </param>
            <param index="2">
              <value>
[...]

  

Morbi magna diam, aliquam a luctus quis, interdum vitae ipsum. Ut eget tortor risus. Vivamus eu nibh sagittis, consectetur diam et, euismod mi. Suspendisse ultrices lorem et massa ornare, vitae laoreet odio condimentum. Duis et felis vel arcu lacinia sollicitudin. Aenean vel odio felis. Etiam blandit velit eros, et dapibus ante ultrices ac. Integer posuere eu urna cursus sagittis. Quisque mattis feugiat ligula ultricies facilisis. Ut nec quam nec dui commodo pretium rhoncus a magna. Pellentesque mauris augue, cursus ac augue id, efficitur vestibulum erat. Vestibulum nec lacus eu orci elementum ullamcorper. Donec et eros at lorem egestas laoreet et eget justo. Proin volutpat, tellus eu imperdiet luctus, ex nibh laoreet leo, at tincidunt lorem risus accumsan urna. ]]>
              </value>
            </param>
          </params>
          <reporter-output>
          </reporter-output>
        </test-method> <!-- teste -->
        <test-method signature="teste(java.lang.String, java.lang.String, java.lang.String, java.lang.String, java.lang.String, java.lang.String)[pri:0, instance:Testcase.Application_Test@24fcf36f]" started-at="2021-05-02T21:50:17 IST" name="teste" data-provider="Cycle5" finished-at="2021-05-02T21:50:29 IST" duration-ms="11843" status="PASS">
          <params>
            <param index="0">
              <value>
                <![CDATA[testing20201015@yahoo.com]]>
              </value>
            </param>
            <param index="1">
              <value>
                <![CDATA[testing@123]]>
              </value>
            </param>
            <param index="2">
              <value>
                <![CDATA[testing20201015@yahoo.com]]>
              </value>
            </param>
            <param index="3">
              <value>
                <![CDATA[testing20201012@gmail.com]]>
              </value>
            </param>
            <param index="4">
              <value>
                <![CDATA[5 test 2]]>
              </value>
            </param>
            <param index="5">
              <value>
                <![CDATA[Lorem ipsum dolor sit amet, consectetur adipiscing elit. Mauris leo risus, malesuada pretium enim at, mollis fermentum est. Aliquam magna diam, fermentum eget consequat varius, accumsan non lacus. Lorem ipsum dolor sit amet, consectetur adipiscing elit. Etiam eget nisi pellentesque, mollis lectus gravida, egestas leo. Suspendisse rutrum nunc eget purus eleifend, ut cursus turpis consequat. Mauris vulputate ultrices ante, non tempus mi efficitur ut. Aenean a ante scelerisque, fringilla sapien vitae, dictum leo. Nam vel ullamcorper purus. Curabitur vestibulum felis id urna euismod volutpat. Cras iaculis bibendum lorem, hendrerit gravida enim fermentum ornare. Nullam est tortor, ultrices non malesuada vel, cursus sed tortor. Praesent id purus elementum, rhoncus enim sed, luctus mauris. 

  

Curabitur quis semper dolor, vel mattis lorem. Aenean elit dolor, egestas at malesuada ac, pulvinar sit amet arcu. Nam finibus urna ac turpis convallis, vitae sodales nisi cursus. Donec eleifend ullamcorper est, eget efficitur sapien eleifend nec. Mauris auctor erat at tellus aliquam gravida tempor fermentum sapien. Etiam non congue lacus. Vestibulum hendrerit justo at libero ultricies, quis laoreet turpis accumsan. Praesent ut sem vel erat posuere ultricies. Vestibulum lacinia malesuada nisi, ut dapibus justo eleifend quis. Aliquam erat volutpat. 

  

Nunc vel volutpat magna, at venenatis ligula. In malesuada non arcu efficitur gravida. Etiam malesuada mauris id consectetur dapibus. Nam molestie leo eget libero sodales, non ullamcorper dolor condimentum. Donec sed turpis dui. Suspendisse a dapibus purus. Nunc metus nunc, convallis quis gravida et, pellentesque sit amet orci. Maecenas gravida hendrerit tincidunt. Ut scelerisque et orci ut commodo. Fusce vitae mollis nibh. Donec a mauris sagittis eros imperdiet euismod. Duis et lacus urna. Sed lacinia scelerisque ullamcorper. 

  

Vestibulum nec nunc urna. Integer egestas est ac aliquam fermentum. Morbi egestas nisi eu quam viverra, vitae fermentum mauris mattis. Integer et sapien urna. Proin et leo scelerisque, venenatis est non, hendrerit urna. Maecenas ut sodales ipsum. Suspendisse vehicula odio at ligula interdum, ut sodales lacus vulputate. Mauris egestas metus sed pellentesque eleifend. Morbi lacinia mauris sed aliquam efficitur. Nulla sed finibus ligula. Aliquam id massa nisl. Fusce a orci vehicula, imperdiet mauris nec, cursus metus. Proin rhoncus tincidunt dui et viverra. Nulla facilisi. 

  

Morbi magna diam, aliquam a luctus quis, interdum vitae ipsum. Ut eget tortor risus. Vivamus eu nibh sagittis, consectetur diam et, euismod mi. Suspendisse ultrices lorem et massa ornare, vitae laoreet odio condimentum. Duis et felis vel arcu lacinia sollicitudin. Aenean vel odio felis. Etiam blandit velit eros, et dapibus ante ultrices ac. Integer posuere eu urna cursus sagittis. Quisque mattis feugiat ligula ultricies facilisis. Ut nec quam nec dui commodo pretium rhoncus a magna. Pellentesque mauris augue, cursus ac augue id, efficitur vestibulum erat. Vestibulum nec lacus eu orci elementum ullamcorper. Donec et eros at lorem egestas laoreet et eget justo. Proin volutpat, tellus eu imperdiet luctus, ex nibh laoreet leo, at tincidunt lorem risus accumsan urna. ]]>
              </value>
            </param>
          </params>
          <reporter-output>
          </reporter-output>
        </test-method> <!-- teste -->
        <test-method signature="teste(java.lang.String, java.lang.String, java.lang.String, java.lang.String, java.lang.String, java.lang.String)[pri:0, instance:Testcase.Application_Test@24fcf36f]" started-at="2021-05-02T21:50:29 IST" name="teste" data-provider="Cycle5" finished-at="2021-05-02T21:50:41 IST" duration-ms="11683" status="PASS">
          <params>
            <param index="0">
              <value>
                <![CDATA[testing20201015@yahoo.com]]>
              </value>
            </param>
            <param index="1">
              <value>
                <![CDATA[testing@123]]>
              </value>
            </param>
            <param index="2">
              <value>
                <![CDATA[testing20201015@yahoo.com]]>
              </value>
            </param>
            <param index="3">
              <value>
                <![CDATA[testing20201013@gmail.com]]>
              </value>
            </param>
            <param index="4">
              <value>
                <![CDATA[5 test 3]]>
              </value>
            </param>
            <param index="5">
              <value>
                <![CDATA[Lorem ipsum dolor sit amet, consectetur adipiscing elit. Mauris leo risus, malesuada pretium enim at, mollis fermentum est. Aliquam magna diam, fermentum eget consequat varius, accumsan non lacus. Lorem ipsum dolor sit amet, consectetur adipiscing elit. Etiam eget nisi pellentesque, mollis lectus gravida, egestas leo. Suspendisse rutrum nunc eget purus eleifend, ut cursus turpis consequat. Mauris vulputate ultrices ante, non tempus mi efficitur ut. Aenean a ante scelerisque, fringilla sapien vitae, dictum leo. Nam vel ullamcorper purus. Curabitur vestibulum felis id urna euismod volutpat. Cras iaculis bibendum lorem, hendrerit gravida enim fermentum ornare. Nullam est tortor, ultrices non malesuada vel, cursus sed tortor. Praesent id purus elementum, rhoncus enim sed, luctus mauris. 

  

Curabitur quis semper dolor, vel mattis lorem. Aenean elit dolor, egestas at malesuada ac, pulvinar sit amet arcu. Nam finibus urna ac turpis convallis, vitae sodales nisi cursus. Donec eleifend ullamcorper est, eget efficitur sapien eleifend nec. Mauris auctor erat at tellus aliquam gravida tempor fermentum sapien. Etiam non congue lacus. Vestibulum hendrerit justo at libero ultricies, quis laoreet turpis accumsan. Praesent ut sem vel erat posuere ultricies. Vestibulum lacinia malesuada nisi, ut dapibus justo eleifend quis. Aliquam erat volutpat. 

  

Nunc vel volutpat magna, at venenatis ligula. In malesuada non arcu efficitur gravida. Etiam malesuada mauris id consectetur dapibus. Nam molestie leo eget libero sodales, non ullamcorper dolor condimentum. Donec sed turpis dui. Suspendisse a dapibus purus. Nunc metus nunc, convallis quis gravida et, pellentesque sit amet orci. Maecenas gravida hendrerit tincidunt. Ut scelerisque et orci ut commodo. Fusce vitae mollis nibh. Donec a mauris sagittis eros imperdiet euismod. Duis et lacus urna. Sed lacinia scelerisque ullamcorper. 

  

Vestibulum nec nunc urna. Integer egestas est ac aliquam fermentum. Morbi egestas nisi eu quam viverra, vitae fermentum mauris mattis. Integer et sapien urna. Proin et leo scelerisque, venenatis est non, hendrerit urna. Maecenas ut sodales ipsum. Suspendisse vehicula odio at ligula interdum, ut sodales lacus vulputate. Mauris egestas metus sed pellentesque eleifend. Morbi lacinia mauris sed aliquam efficitur. Nulla sed finibus ligula. Aliquam id massa nisl. Fusce a orci vehicula, imperdiet mauris nec, cursus metus. Proin rhoncus tincidunt dui et viverra. Nulla facilisi. 

  

Morbi magna diam, aliquam a luctus quis, interdum vitae ipsum. Ut eget tortor risus. Vivamus eu nibh sagittis, consectetur diam et, euismod mi. Suspendisse ultrices lorem et massa ornare, vitae laoreet odio condimentum. Duis et felis vel arcu lacinia sollicitudin. Aenean vel odio felis. Etiam blandit velit eros, et dapibus ante ultrices ac. Integer posuere eu urna cursus sagittis. Quisque mattis feugiat ligula ultricies facilisis. Ut nec quam nec dui commodo pretium rhoncus a magna. Pellentesque mauris augue, cursus ac augue id, efficitur vestibulum erat. Vestibulum nec lacus eu orci elementum ullamcorper. Donec et eros at lorem egestas laoreet et eget justo. Proin volutpat, tellus eu imperdiet luctus, ex nibh laoreet leo, at tincidunt lorem risus accumsan urna. ]]>
              </value>
            </param>
          </params>
          <reporter-output>
          </reporter-output>
        </test-method> <!-- teste -->
        <test-method signature="teste(java.lang.String, java.lang.String, java.lang.String, java.lang.String, java.lang.String, java.lang.String)[pri:0, instance:Testcase.Application_Test@24fcf36f]" started-at="2021-05-02T21:50:41 IST" name="teste" data-provider="Cycle5" finished-at="2021-05-02T21:50:52 IST" duration-ms="11541" status="PASS">
          <params>
            <param index="0">
              <value>
                <![CDATA[testing20201015@yahoo.com]]>
              </value>
            </param>
            <param index="1">
              <value>
                <![CDATA[testing@123]]>
              </value>
            </param>
            <param index="2">
              <value>
                <![CDATA[testing20201015@yahoo.com]]>
              </value>
            </param>
            <param index="3">
              <value>
                <![CDATA[testing20201014@gmail.com]]>
              </value>
            </param>
            <param index="4">
              <value>
                <![CDATA[5 test 4]]>
              </value>
            </param>
            <param index="5">
              <value>
                <![CDATA[Lorem ipsum dolor sit amet, consectetur adipiscing elit. Mauris leo risus, malesuada pretium enim at, mollis fermentum est. Aliquam magna diam, fermentum eget consequat varius, accumsan non lacus. Lorem ipsum dolor sit amet, consectetur adipiscing elit. Etiam eget nisi pellentesque, mollis lectus gravida, egestas leo. Suspendisse rutrum nunc eget purus eleifend, ut cursus turpis consequat. Mauris vulputate ultrices ante, non tempus mi efficitur ut. Aenean a ante scelerisque, fringilla sapien vitae, dictum leo. Nam vel ullamcorper purus. Curabitur vestibulum felis id urna euismod volutpat. Cras iaculis bibendum lorem, hendrerit gravida enim fermentum ornare. Nullam est tortor, ultrices non malesuada vel, cursus sed tortor. Praesent id purus elementum, rhoncus enim sed, luctus mauris. 

  

Curabitur quis semper dolor, vel mattis lorem. Aenean elit dolor, egestas at malesuada ac, pulvinar sit amet arcu. Nam finibus urna ac turpis convallis, vitae sodales nisi cursus. Donec eleifend ullamcorper est, eget efficitur sapien eleifend nec. Mauris auctor erat at tellus aliquam gravida tempor fermentum sapien. Etiam non congue lacus. Vestibulum hendrerit justo at libero ultricies, quis laoreet turpis accumsan. Praesent ut sem vel erat posuere ultricies. Vestibulum lacinia malesuada nisi, ut dapibus justo eleifend quis. Aliquam erat volutpat. 

  

Nunc vel volutpat magna, at venenatis ligula. In malesuada non arcu efficitur gravida. Etiam malesuada mauris id consectetur dapibus. Nam molestie leo eget libero sodales, non ullamcorper dolor condimentum. Donec sed turpis dui. Suspendisse a dapibus purus. Nunc metus nunc, convallis quis gravida et, pellentesque sit amet orci. Maecenas gravida hendrerit tincidunt. Ut scelerisque et orci ut commodo. Fusce vitae mollis nibh. Donec a mauris sagittis eros imperdiet euismod. Duis et lacus urna. Sed lacinia scelerisque ullamcorper. 

  

Vestibulum nec nunc urna. Integer egestas est ac aliquam fermentum. Morbi egestas nisi eu quam viverra, vitae fermentum mauris mattis. Integer et sapien urna. Proin et leo scelerisque, venenatis est non, hendrerit urna. Maecenas ut sodales ipsum. Suspendisse vehicula odio at ligula interdum, ut sodales lacus vulputate. Mauris egestas metus sed pellentesque eleifend. Morbi lacinia mauris sed aliquam efficitur. Nulla sed finibus ligula. Aliquam id massa nisl. Fusce a orci vehicula, imperdiet mauris nec, cursus metus. Proin rhoncus tincidunt dui et viverra. Nulla facilisi. 

  

Morbi magna diam, aliquam a luctus quis, interdum vitae ipsum. Ut eget tortor risus. Vivamus eu nibh sagittis, consectetur diam et, euismod mi. Suspendisse ultrices lorem et massa ornare, vitae laoreet odio condimentum. Duis et felis vel arcu lacinia sollicitudin. Aenean vel odio felis. Etiam blandit velit eros, et dapibus ante ultrices ac. Integer posuere eu urna cursus sagittis. Quisque mattis feugiat ligula ultricies facilisis. Ut nec quam nec dui commodo pretium rhoncus a magna. Pellentesque mauris augue, cursus ac augue id, efficitur vestibulum erat. Vestibulum nec lacus eu orci elementum ullamcorper. Donec et eros at lorem egestas laoreet et eget justo. Proin volutpat, tellus eu imperdiet luctus, ex nibh laoreet leo, at tincidunt lorem risus accumsan urna. ]]>
              </value>
            </param>
          </params>
          <reporter-output>
          </reporter-output>
        </test-method> <!-- teste -->
        <test-method signature="teste(java.lang.String, java.lang.String, java.lang.String, java.lang.String, java.lang.String, java.lang.String)[pri:0, instance:Testcase.Application_Test@24fcf36f]" started-at="2021-05-02T21:50:52 IST" name="teste" data-provider="Cycle5" finished-at="2021-05-02T21:51:04 IST" duration-ms="11455" status="PASS">
          <params>
            <param index="0">
              <value>
                <![CDATA[testing20201015@yahoo.com]]>
              </value>
            </param>
            <param index="1">
              <value>
                <![CDATA[testing@123]]>
              </value>
            </param>
            <param index="2">
              <value>
                <![CDATA[testing20201015@yahoo.com]]>
              </value>
            </param>
            <param index="3">
              <value>
                <![CDATA[testing20201015@gmail.com]]>
              </value>
            </param>
            <param index="4">
              <value>
                <![CDATA[5 test 5]]>
              </value>
            </param>
            <param index="5">
              <value>
                <![CDATA[Lorem ipsum dolor sit amet, consectetur adipiscing elit. Mauris leo risus, malesuada pretium enim at, mollis fermentum est. Aliquam magna diam, fermentum eget consequat varius, accumsan non lacus. Lorem ipsum dolor sit amet, consectetur adipiscing elit. Etiam eget nisi pellentesque, mollis lectus gravida, egestas leo. Suspendisse rutrum nunc eget purus eleifend, ut cursus turpis consequat. Mauris vulputate ultrices ante, non tempus mi efficitur ut. Aenean a ante scelerisque, fringilla sapien vitae, dictum leo. Nam vel ullamcorper purus. Curabitur vestibulum felis id urna euismod volutpat. Cras iaculis bibendum lorem, hendrerit gravida enim fermentum ornare. Nullam est tortor, ultrices non malesuada vel, cursus sed tortor. Praesent id purus elementum, rhoncus enim sed, luctus mauris. 

  

Curabitur quis semper dolor, vel mattis lorem. Aenean elit dolor, egestas at malesuada ac, pulvinar sit amet arcu. Nam finibus urna ac turpis convallis, vitae sodales nisi cursus. Donec eleifend ullamcorper est, eget efficitur sapien eleifend nec. Mauris auctor erat at tellus aliquam gravida tempor fermentum sapien. Etiam non congue lacus. Vestibulum hendrerit justo at libero ultricies, quis laoreet turpis accumsan. Praesent ut sem vel erat posuere ultricies. Vestibulum lacinia malesuada nisi, ut dapibus justo eleifend quis. Aliquam erat volutpat. 

  

Nunc vel volutpat magna, at venenatis ligula. In malesuada non arcu efficitur gravida. Etiam malesuada mauris id consectetur dapibus. Nam molestie leo eget libero sodales, non ullamcorper dolor condimentum. Donec sed turpis dui. Suspendisse a dapibus purus. Nunc metus nunc, convallis quis gravida et, pellentesque sit amet orci. Maecenas gravida hendrerit tincidunt. Ut scelerisque et orci ut commodo. Fusce vitae mollis nibh. Donec a mauris sagittis eros imperdiet euismod. Duis et lacus urna. Sed lacinia scelerisque ullamcorper. 

  

Vestibulum nec nunc urna. Integer egestas est ac aliquam fermentum. Morbi egestas nisi eu quam viverra, vitae fermentum mauris mattis. Integer et sapien urna. Proin et leo scelerisque, venenatis est non, hendrerit urna. Maecenas ut sodales ipsum. Suspendisse vehicula odio at ligula interdum, ut sodales lacus vulputate. Mauris egestas metus sed pellentesque eleifend. Morbi lacinia mauris sed aliquam efficitur. Nulla sed finibus ligula. Aliquam id massa nisl. Fusce a orci vehicula, imperdiet mauris nec, cursus metus. Proin rhoncus tincidunt dui et viverra. Nulla facilisi. 

  

Morbi magna diam, aliquam a luctus quis, interdum vitae ipsum. Ut eget tortor risus. Vivamus eu nibh sagittis, consectetur diam et, euismod mi. Suspendisse ultrices lorem et massa ornare, vitae laoreet odio condimentum. Duis et felis vel arcu lacinia sollicitudin. Aenean vel odio felis. Etiam blandit velit eros, et dapibus ante ultrices ac. Integer posuere eu urna cursus sagittis. Quisque mattis feugiat ligula ultricies facilisis. Ut nec quam nec dui commodo pretium rhoncus a magna. Pellentesque mauris augue, cursus ac augue id, efficitur vestibulum erat. Vestibulum nec lacus eu orci elementum ullamcorper. Donec et eros at lorem egestas laoreet et eget justo. Proin volutpat, tellus eu imperdiet luctus, ex nibh laoreet leo, at tincidunt lorem risus accumsan urna. ]]>
              </value>
            </param>
          </params>
          <reporter-output>
          </reporter-output>
        </test-method> <!-- teste -->
        <test-method is-config="true" signature="teardown()[pri:0, instance:Testcase.Application_Test@24fcf36f]" started-at="2021-05-02T21:51:04 IST" name="teardown" finished-at="2021-05-02T21:51:04 IST" duration-ms="75" status="PASS">
          <reporter-output>
          </reporter-output>
        </test-method> <!-- teardown -->
      </class> <!-- Testcase.Application_Test -->
    </test> <!-- Interview -->
  </suite> <!-- Edlweiss_Project -->
</testng-results>
